C51 COMPILER V9.60.7.0   MAIN                                                              03/07/2023 14:25:50 PAGE 1   


C51 COMPILER V9.60.7.0, COMPILATION OF MODULE MAIN
OBJECT MODULE PLACED IN .\Objects\main.obj
COMPILER INVOKED BY: D:\BaiduNetdiskDownload\Keil5\C51\BIN\C51.EXE main.c OPTIMIZE(8,SPEED) BROWSE DEBUG OBJECTEXTEND PR
                    -INT(.\Listings\main.lst) TABS(2) OBJECT(.\Objects\main.obj)

line level    source

   1          #include <REGX52.H>
   2          #include "Delay.h"
   3          #include "Key.h"
   4          #include "Nixie.h"
   5          #include "Buzzer.h"
   6          
   7          unsigned char KeyNum;
   8          unsigned int i;
   9          
  10          void main()
  11          {
  12   1          Nixie(1,0);
  13   1        while(1)
  14   1        {
  15   2          KeyNum=Key();
  16   2              if(KeyNum)
  17   2              {
  18   3                  Buzzer_Time(50);
  19   3                  Nixie(1,KeyNum);
  20   3              }
  21   2        }
  22   1      }


MODULE INFORMATION:   STATIC OVERLAYABLE
   CODE SIZE        =     36    ----
   CONSTANT SIZE    =   ----    ----
   XDATA SIZE       =   ----    ----
   PDATA SIZE       =   ----    ----
   DATA SIZE        =      3    ----
   IDATA SIZE       =   ----    ----
   BIT SIZE         =   ----    ----
END OF MODULE INFORMATION.


C51 COMPILATION COMPLETE.  0 WARNING(S),  0 ERROR(S)
