C51 COMPILER V9.60.7.0   MAIN                                                              02/28/2023 10:18:20 PAGE 1   


C51 COMPILER V9.60.7.0, COMPILATION OF MODULE MAIN
OBJECT MODULE PLACED IN .\Objects\main.obj
COMPILER INVOKED BY: D:\BaiduNetdiskDownload\Keil5\C51\BIN\C51.EXE main.c OPTIMIZE(8,SPEED) BROWSE DEBUG OBJECTEXTEND PR
                    -INT(.\Listings\main.lst) TABS(2) OBJECT(.\Objects\main.obj)

line level    source

   1          #include <REGX52.H>
   2          #include "Delay.h"
   3          #include "UART.h"
   4          
   5          void main()
   6          {
   7   1        UARTInit();
   8   1        while(1)
   9   1        {
  10   2          
  11   2        }
  12   1      }
  13          
  14          void UART_Routine() interrupt 4
  15          {
  16   1        if(RI==1)//!SCON寄存器需要看看
  17   1        {
  18   2          P2=~SBUF;
  19   2          //一个函数不能在主函数和中断函数中同时调用。比如在主函数中正在使用Send
             -而在此处再次调用，那么Send函数将会被破坏
  20   2          UART_SendByte(SBUF);
  21   2          RI=0;
  22   2        }
  23   1      }


MODULE INFORMATION:   STATIC OVERLAYABLE
   CODE SIZE        =     76    ----
   CONSTANT SIZE    =   ----    ----
   XDATA SIZE       =   ----    ----
   PDATA SIZE       =   ----    ----
   DATA SIZE        =   ----    ----
   IDATA SIZE       =   ----    ----
   BIT SIZE         =   ----    ----
END OF MODULE INFORMATION.


C51 COMPILATION COMPLETE.  0 WARNING(S),  0 ERROR(S)
