C51 COMPILER V9.60.7.0   MAIN                                                              06/29/2023 18:48:05 PAGE 1   


C51 COMPILER V9.60.7.0, COMPILATION OF MODULE MAIN
OBJECT MODULE PLACED IN .\Objects\main.obj
COMPILER INVOKED BY: D:\BaiduNetdiskDownload\Keil5\C51\BIN\C51.EXE main.c OPTIMIZE(8,SPEED) BROWSE DEBUG OBJECTEXTEND PR
                    -INT(.\Listings\main.lst) TABS(2) OBJECT(.\Objects\main.obj)

line level    source

   1          #include <REGX52.H>
   2          
   3          void main()
   4          {
   5   1          while(1)
   6   1          {
   7   2              P1_0=1;
   8   2          }
   9   1      //    P2=0xFE;
  10   1        // while(1)
  11   1        // {
  12   1          //     if(P3_1==0)
  13   1          //     {
  14   1          //         P2_0=0;
  15   1          //     }
  16   1          //     else
  17   1          //     {
  18   1          //         P2_0=1;
  19   1          //     }
  20   1        // }
  21   1      }


MODULE INFORMATION:   STATIC OVERLAYABLE
   CODE SIZE        =      4    ----
   CONSTANT SIZE    =   ----    ----
   XDATA SIZE       =   ----    ----
   PDATA SIZE       =   ----    ----
   DATA SIZE        =   ----    ----
   IDATA SIZE       =   ----    ----
   BIT SIZE         =   ----    ----
END OF MODULE INFORMATION.


C51 COMPILATION COMPLETE.  0 WARNING(S),  0 ERROR(S)
