C51 COMPILER V9.60.7.0   MATRIXKEY                                                         01/10/2023 10:31:46 PAGE 1   


C51 COMPILER V9.60.7.0, COMPILATION OF MODULE MATRIXKEY
OBJECT MODULE PLACED IN .\Objects\MatrixKey.obj
COMPILER INVOKED BY: D:\BaiduNetdiskDownload\Keil5\C51\BIN\C51.EXE MatrixKey.c OPTIMIZE(8,SPEED) BROWSE DEBUG OBJECTEXTE
                    -ND PRINT(.\Listings\MatrixKey.lst) TABS(2) OBJECT(.\Objects\MatrixKey.obj)

line level    source

   1          #include <REGX52.H>
   2          #include "Delay.h"
   3          
   4          unsigned char MatrixKey()
   5          {
   6   1          unsigned char KeyNumber=0;
   7   1      
   8   1          //逐列扫描
   9   1      
  10   1          //第一列扫描
  11   1          P1=0xFF;
  12   1          P1_3=0;
  13   1          if(P1_7==0){Delay(20);while(P1_7==0);Delay(20);KeyNumber=1;}
  14   1          if(P1_6==0){Delay(20);while(P1_7==0);Delay(20);KeyNumber=5;}
  15   1          if(P1_5==0){Delay(20);while(P1_7==0);Delay(20);KeyNumber=9;}
  16   1          if(P1_4==0){Delay(20);while(P1_7==0);Delay(20);KeyNumber=13;}
  17   1          
  18   1          //第二列扫描
  19   1          P1=0xFF;
  20   1          P1_2=0;
  21   1          if(P1_7==0){Delay(20);while(P1_7==0);Delay(20);KeyNumber=2;}
  22   1          if(P1_6==0){Delay(20);while(P1_7==0);Delay(20);KeyNumber=6;}
  23   1          if(P1_5==0){Delay(20);while(P1_7==0);Delay(20);KeyNumber=10;}
  24   1          if(P1_4==0){Delay(20);while(P1_7==0);Delay(20);KeyNumber=14;}
  25   1      
  26   1          //第三列扫描
  27   1          P1=0xFF;
  28   1          P1_1=0;
  29   1          if(P1_7==0){Delay(20);while(P1_7==0);Delay(20);KeyNumber=3;}
  30   1          if(P1_6==0){Delay(20);while(P1_7==0);Delay(20);KeyNumber=7;}
  31   1          if(P1_5==0){Delay(20);while(P1_7==0);Delay(20);KeyNumber=11;}
  32   1          if(P1_4==0){Delay(20);while(P1_7==0);Delay(20);KeyNumber=15;}
  33   1      
  34   1          //第四列扫描
  35   1          P1=0xFF;
  36   1          P1_0=0;
  37   1          if(P1_7==0){Delay(20);while(P1_7==0);Delay(20);KeyNumber=4;}
  38   1          if(P1_6==0){Delay(20);while(P1_7==0);Delay(20);KeyNumber=8;}
  39   1          if(P1_5==0){Delay(20);while(P1_7==0);Delay(20);KeyNumber=12;}
  40   1          if(P1_4==0){Delay(20);while(P1_7==0);Delay(20);KeyNumber=16;}
  41   1      
  42   1          return KeyNumber;
  43   1      }


MODULE INFORMATION:   STATIC OVERLAYABLE
   CODE SIZE        =    393    ----
   CONSTANT SIZE    =   ----    ----
   XDATA SIZE       =   ----    ----
   PDATA SIZE       =   ----    ----
   DATA SIZE        =   ----       1
   IDATA SIZE       =   ----    ----
   BIT SIZE         =   ----    ----
END OF MODULE INFORMATION.

C51 COMPILER V9.60.7.0   MATRIXKEY                                                         01/10/2023 10:31:46 PAGE 2   


C51 COMPILATION COMPLETE.  0 WARNING(S),  0 ERROR(S)
