C51 COMPILER V9.54   ONEWIRE                                                               04/11/2023 23:19:03 PAGE 1   


C51 COMPILER V9.54, COMPILATION OF MODULE ONEWIRE
OBJECT MODULE PLACED IN .\Objects\OneWire.obj
COMPILER INVOKED BY: D:\Keil5MDK\C51\BIN\C51.EXE OneWire.c OPTIMIZE(8,SPEED) BROWSE DEBUG OBJECTEXTEND PRINT(.\Listings\
                    -OneWire.lst) OBJECT(.\Objects\OneWire.obj)

line level    source

   1          #include <REGX52.H>
   2          
   3          sbit OneWire_DQ=P3^7;
   4          
   5          unsigned char OneWire_Init(void)
   6          {
   7   1              
   8   1              unsigned char i;
   9   1              unsigned char AckBit;
  10   1              EA=0;
  11   1              OneWire_DQ=1;
  12   1              OneWire_DQ=0;
  13   1              i = 247;while (--i);//Delay 500us
  14   1              OneWire_DQ=1;
  15   1      
  16   1              i = 32;while (--i);//Delay 70us
  17   1      
  18   1              AckBit=OneWire_DQ;
  19   1      
  20   1              i = 247;while (--i);//Delay 500us
  21   1              EA=1;
  22   1              return AckBit;
  23   1      }
  24          
  25          void OneWire_SendBit(unsigned char Bit)
  26          {
  27   1              
  28   1              unsigned char i;
  29   1              EA=0;
  30   1              OneWire_DQ=0;
  31   1              i = 4;while (--i);//Delay 10us
  32   1              OneWire_DQ=Bit;
  33   1              i = 24;while (--i);//Delay 50us
  34   1              OneWire_DQ=1;
  35   1              EA=1;
  36   1      }
  37          
  38          unsigned char OneWire_ReceiveBit(void)
  39          {
  40   1              
  41   1              unsigned char i,Bit;
  42   1              EA=0;
  43   1              OneWire_DQ=0;
  44   1              i = 2;while (--i);//Delay 5us
  45   1              OneWire_DQ=1;
  46   1              i = 2;while (--i);//Delay 5us
  47   1              Bit=OneWire_DQ;
  48   1              i = 24;while (--i);//Delay 50us
  49   1              EA=1;
  50   1              return Bit;
  51   1      }
  52          
  53          void OneWire_SendByte(unsigned char Byte)
  54          {
C51 COMPILER V9.54   ONEWIRE                                                               04/11/2023 23:19:03 PAGE 2   

  55   1              unsigned char i;
  56   1              EA=0;
  57   1              for(i=0;i<8;i++)
  58   1              {
  59   2                      OneWire_SendBit(Byte&(0x01<<i));
  60   2              }
  61   1              EA=1;
  62   1      }
  63          
  64          unsigned char OneWire_ReceiveByte(void)
  65          {
  66   1              unsigned char i,Byte=0x00;
  67   1              EA=0;
  68   1              for(i=0;i<8;i++)
  69   1              {
  70   2                      if(OneWire_ReceiveBit())
  71   2                      {
  72   3                              Byte |= (0x01<<i);
  73   3                      }
  74   2              }
  75   1              EA=1;
  76   1              return Byte;
  77   1      }


MODULE INFORMATION:   STATIC OVERLAYABLE
   CODE SIZE        =    142    ----
   CONSTANT SIZE    =   ----    ----
   XDATA SIZE       =   ----    ----
   PDATA SIZE       =   ----    ----
   DATA SIZE        =   ----    ----
   IDATA SIZE       =   ----    ----
   BIT SIZE         =   ----    ----
END OF MODULE INFORMATION.


C51 COMPILATION COMPLETE.  0 WARNING(S),  0 ERROR(S)
