Build target 'Target 1'
linking...
*** WARNING L1: UNRESOLVED EXTERNAL SYMBOL
    SYMBOL:  _LCD_SHOWNUM
    MODULE:  .\Objects\main.obj (MAIN)

*** WARNING L1: UNRESOLVED EXTERNAL SYMBOL
    SYMBOL:  ?_LCD_SHOWNUM?BYTE
    MODULE:  .\Objects\main.obj (MAIN)

*** WARNING L1: UNRESOLVED EXTERNAL SYMBOL
    SYMBOL:  KEY
    MODULE:  .\Objects\main.obj (MAIN)

*** WARNING L1: UNRESOLVED EXTERNAL SYMBOL
    SYMBOL:  DS18B20_CONVERTT
    MODULE:  .\Objects\main.obj (MAIN)

*** WARNING L1: UNRESOLVED EXTERNAL SYMBOL
    SYMBOL:  LCD_INIT
    MODULE:  .\Objects\main.obj (MAIN)

*** WARNING L1: UNRESOLVED EXTERNAL SYMBOL
    SYMBOL:  _LCD_SHOWSTRING
    MODULE:  .\Objects\main.obj (MAIN)

*** WARNING L1: UNRESOLVED EXTERNAL SYMBOL
    SYMBOL:  _LCD_SHOWCHAR
    MODULE:  .\Objects\main.obj (MAIN)

*** WARNING L1: UNRESOLVED EXTERNAL SYMBOL
    SYMBOL:  DS18B20_READT
    MODULE:  .\Objects\main.obj (MAIN)

*** WARNING L1: UNRESOLVED EXTERNAL SYMBOL
    SYMBOL:  _LCD_SHOWSIGNEDNUM
    MODULE:  .\Objects\main.obj (MAIN)

*** WARNING L1: UNRESOLVED EXTERNAL SYMBOL
    SYMBOL:  ?_LCD_SHOWSIGNEDNUM?BYTE
    MODULE:  .\Objects\main.obj (MAIN)

*** WARNING L1: UNRESOLVED EXTERNAL SYMBOL
    SYMBOL:  _DELAY
    MODULE:  .\Objects\main.obj (MAIN)

*** WARNING L2: REFERENCE MADE TO UNRESOLVED EXTERNAL
    SYMBOL:  DS18B20_CONVERTT
    MODULE:  .\Objects\main.obj (MAIN)
    ADDRESS: 02E0H

*** WARNING L2: REFERENCE MADE TO UNRESOLVED EXTERNAL
    SYMBOL:  _DELAY
    MODULE:  .\Objects\main.obj (MAIN)
    ADDRESS: 02E7H

*** WARNING L2: REFERENCE MADE TO UNRESOLVED EXTERNAL
    SYMBOL:  LCD_INIT
    MODULE:  .\Objects\main.obj (MAIN)
    ADDRESS: 02EAH

*** WARNING L2: REFERENCE MADE TO UNRESOLVED EXTERNAL
    SYMBOL:  _LCD_SHOWSTRING
    MODULE:  .\Objects\main.obj (MAIN)
    ADDRESS: 02F7H

*** WARNING L2: REFERENCE MADE TO UNRESOLVED EXTERNAL
    SYMBOL:  _LCD_SHOWSTRING
    MODULE:  .\Objects\main.obj (MAIN)
    ADDRESS: 0304H

*** WARNING L2: REFERENCE MADE TO UNRESOLVED EXTERNAL
    SYMBOL:  _LCD_SHOWSTRING
    MODULE:  .\Objects\main.obj (MAIN)
    ADDRESS: 0311H

*** WARNING L2: REFERENCE MADE TO UNRESOLVED EXTERNAL
    SYMBOL:  KEY
    MODULE:  .\Objects\main.obj (MAIN)
    ADDRESS: 0314H

*** WARNING L2: REFERENCE MADE TO UNRESOLVED EXTERNAL
    SYMBOL:  DS18B20_CONVERTT
    MODULE:  .\Objects\main.obj (MAIN)
    ADDRESS: 0319H

*** WARNING L2: REFERENCE MADE TO UNRESOLVED EXTERNAL
    SYMBOL:  DS18B20_READT
    MODULE:  .\Objects\main.obj (MAIN)
    ADDRESS: 031CH

*** WARNING L2: REFERENCE MADE TO UNRESOLVED EXTERNAL
    SYMBOL:  _LCD_SHOWCHAR
    MODULE:  .\Objects\main.obj (MAIN)
    ADDRESS: 0343H

*** WARNING L2: REFERENCE MADE TO UNRESOLVED EXTERNAL
    SYMBOL:  ?_LCD_SHOWNUM?BYTE
    MODULE:  .\Objects\main.obj (MAIN)
    ADDRESS: 0355H

*** WARNING L2: REFERENCE MADE TO UNRESOLVED EXTERNAL
    SYMBOL:  _LCD_SHOWNUM
    MODULE:  .\Objects\main.obj (MAIN)
    ADDRESS: 035CH

*** WARNING L2: REFERENCE MADE TO UNRESOLVED EXTERNAL
    SYMBOL:  _LCD_SHOWCHAR
    MODULE:  .\Objects\main.obj (MAIN)
    ADDRESS: 0365H

*** WARNING L2: REFERENCE MADE TO UNRESOLVED EXTERNAL
    SYMBOL:  ?_LCD_SHOWNUM?BYTE
    MODULE:  .\Objects\main.obj (MAIN)
    ADDRESS: 0386H

*** WARNING L2: REFERENCE MADE TO UNRESOLVED EXTERNAL
    SYMBOL:  _LCD_SHOWNUM
    MODULE:  .\Objects\main.obj (MAIN)
    ADDRESS: 038DH

*** WARNING L2: REFERENCE MADE TO UNRESOLVED EXTERNAL
    SYMBOL:  ?_LCD_SHOWSIGNEDNUM?BYTE
    MODULE:  .\Objects\main.obj (MAIN)
    ADDRESS: 039CH

*** WARNING L2: REFERENCE MADE TO UNRESOLVED EXTERNAL
    SYMBOL:  _LCD_SHOWSIGNEDNUM
    MODULE:  .\Objects\main.obj (MAIN)
    ADDRESS: 03A3H

*** WARNING L2: REFERENCE MADE TO UNRESOLVED EXTERNAL
    SYMBOL:  ?_LCD_SHOWSIGNEDNUM?BYTE
    MODULE:  .\Objects\main.obj (MAIN)
    ADDRESS: 03ADH

*** WARNING L2: REFERENCE MADE TO UNRESOLVED EXTERNAL
    SYMBOL:  _LCD_SHOWSIGNEDNUM
    MODULE:  .\Objects\main.obj (MAIN)
    ADDRESS: 03B4H

Program Size: data=16.0 xdata=0 code=976
".\Objects\Project" - 0 Error(s), 30 Warning(s).
Build Time Elapsed:  00:00:00
