C51 COMPILER V9.54   MAIN                                                                  04/16/2023 10:35:25 PAGE 1   


C51 COMPILER V9.54, COMPILATION OF MODULE MAIN
OBJECT MODULE PLACED IN .\Objects\main.obj
COMPILER INVOKED BY: D:\Keil5MDK\C51\BIN\C51.EXE main.c OPTIMIZE(8,SPEED) BROWSE DEBUG OBJECTEXTEND PRINT(.\Listings\mai
                    -n.lst) OBJECT(.\Objects\main.obj)

line level    source

   1          #include <REGX52.H>
   2          #include "Delay.h"
   3          #include "Timer0.h"
   4          
   5          //ËúÇÈ∏£Âô®Á´ØÂè£ÂÆö‰πâ
   6          sbit Buzzer=P2^5;
   7          
   8          //Êí≠ÊîæÈÄüÂ∫¶ÔºåÂÄº‰∏∫ÂõõÂàÜÈü≥Á¨¶ÁöÑÊó∂Èïø(ms)
   9          #define SPEED   500
  10          
  11          //Èü≥Á¨¶‰∏éÁ¥¢ÂºïÂØπÂ∫îË°®ÔºåPÔºö‰ºëÊ≠¢Á¨¶ÔºåLÔºö‰ΩéÈü≥ÔºåMÔºö‰∏≠Èü≥ÔºåHÔºöÈ´òÈü≥Ôºå‰∏ãÂàíÁ∫øÔºöÂçáÂçäÈü≥Á
             -¨¶Âè∑#
  12          #define P       0
  13          #define L1      1
  14          #define L1_     2
  15          #define L2      3
  16          #define L2_     4
  17          #define L3      5
  18          #define L4      6
  19          #define L4_     7
  20          #define L5      8
  21          #define L5_     9
  22          #define L6      10
  23          #define L6_     11
  24          #define L7      12
  25          #define M1      13
  26          #define M1_     14
  27          #define M2      15
  28          #define M2_     16
  29          #define M3      17
  30          #define M4      18
  31          #define M4_     19
  32          #define M5      20
  33          #define M5_     21
  34          #define M6      22
  35          #define M6_     23
  36          #define M7      24
  37          #define H1      25
  38          #define H1_     26
  39          #define H2      27
  40          #define H2_     28
  41          #define H3      29
  42          #define H4      30
  43          #define H4_     31
  44          #define H5      32
  45          #define H5_     33
  46          #define H6      34
  47          #define H6_     35
  48          #define H7      36
  49          
  50          //Á¥¢Âºï‰∏éÈ¢ëÁéáÂØπÁÖßË°®
  51          unsigned int FreqTable[]={
  52                  0,
  53                  63628,63731,63835,63928,64021,64103,64185,64260,64331,64400,64463,64528,
C51 COMPILER V9.54   MAIN                                                                  04/16/2023 10:35:25 PAGE 2   

  54                  64580,64633,64684,64732,64777,64820,64860,64898,64934,64968,65000,65030,
  55                  65058,65085,65110,65134,65157,65178,65198,65217,65235,65252,65268,65283,
  56          };
  57          
  58          //‰πêË∞±
  59          unsigned int Music[]={
  60              //(1)
  61              M3,8,
  62              M2,8,
  63          
  64              M1,8,
  65              L7,4+4,
  66          
  67              L6,4+4,
  68              L5,4+4,
  69          
  70              L6,8,
  71              L7,8,
  72          
  73              L1,8,
  74              L5,8,
  75          
  76              L6,8,
  77              L3,8,
  78          
  79              L4,8,
  80              L5,8,
  81          
  82              L4,8,
  83              L5,8,
  84          
  85              //(5)
  86              M5,8,
  87              M5,8,
  88          
  89              M3,8,
  90              M3,8,
  91          
  92              M1,8,
  93              M1,8,
  94          
  95              M1,8,
  96              M2,8,
  97          
  98              L1,8,
  99              L5,8,
 100          
 101              L6,8,
 102              L3,8,
 103          
 104              L4,8,
 105              L1,8,
 106          
 107              L4,8,
 108              L5,8,
 109          
 110              //(9)
 111              M5,8,
 112              M5,4,
 113              M4,4,
 114          
 115              H1,8,
C51 COMPILER V9.54   MAIN                                                                  04/16/2023 10:35:25 PAGE 3   

 116              M7,4,
 117              M5,4,
 118          
 119              M6,8,
 120              M5,4,
 121              M3,4,
 122          
 123              M4,8,
 124              M2,4,
 125              M4,4,
 126          
 127              L1,2,
 128              L5,2,
 129              M1,2,
 130              M3,2,
 131              L7,2,
 132              L2,2,
 133              L5,2,
 134              L7,2,
 135          
 136              L6,2,
 137              L3,2,
 138              L6,2,
 139              M1,2,
 140              L3,2,
 141              L3,2,
 142              L5,2,
 143              L7,2,
 144          
 145              L4,2,
 146              L1,2,
 147              L4,2,
 148              L6,2,
 149              L1,2,
 150              L3,2,
 151              L5,2,
 152              M1,2,
 153          
 154              L4,2,
 155              L1,2,
 156              L4,2,
 157              L6,2,
 158              L5,2,
 159              L2,2,
 160              L5,2,
 161              L7,2,
 162          
 163              //(13)
 164              L1,2,
 165              M7,2,
 166              H1,2,
 167              M3,2,
 168              M5,4,
 169              M7,4,
 170          
 171              H1,4,
 172              H3,4,
 173              H5,2,
 174              H3,2,
 175              H5,2,
 176              H6,2,
 177          
C51 COMPILER V9.54   MAIN                                                                  04/16/2023 10:35:25 PAGE 4   

 178              H4,2,
 179              H3,2,
 180              H2,2,
 181              H4,2,
 182              H3,2,
 183              H2,2,
 184              H1,2,
 185              M7,2,
 186          
 187              M6,2,
 188              M4,2,
 189              H1,4,
 190              M7,2,
 191              M5,2,
 192              H1,2,
 193              M7,2,
 194          
 195              L1,2,
 196              L3,2,
 197              L5,2,
 198              M1,2,
 199              L5,2,
 200              L2,2,
 201              L5,2,
 202              L7,2,
 203          
 204              L6,2,
 205              L3,2,
 206              L6,2,
 207              M1,2,
 208              L3,2,
 209              L3,2,
 210              L5,2,
 211              L7,2,
 212          
 213              L4,2,
 214              L1,2,
 215              L4,2,
 216              L6,2,
 217              L1,2,
 218              L3,2,
 219              L5,2,
 220              M1,2,
 221          
 222              L4,2,
 223              L1,2,
 224              L4,2,
 225              L6,2,
 226              L5,2,
 227              L2,2,
 228              L5,2,
 229              L7,2,
 230          
 231              //(17)
 232              H1,2,
 233              M7,2,
 234              H1,2,
 235              M3,2,
 236              M5,4,
 237              M7,4,
 238          
 239              H1,4,
C51 COMPILER V9.54   MAIN                                                                  04/16/2023 10:35:25 PAGE 5   

 240              H3,2,
 241              H1,2,
 242              H5,2,
 243              H3,2,
 244              H5,2,
 245              H6,2,
 246          
 247              H4,2,
 248              H3,2,
 249              H2,2,
 250              H4,2,
 251              H3,2,
 252              H2,2,
 253              H1,2,
 254              M7,2,
 255          
 256              M6,2,
 257              M5,2,
 258              M4,4,
 259              H1,2+1,
 260              M5,1,
 261              M7,2,
 262              H2,1,
 263              M5,1,
 264          
 265              L1,2,
 266              L3,2,
 267              L5,2,
 268              M1,2,
 269              L5,2,
 270              L2,2,
 271              L5,2,
 272              L7,2,
 273          
 274              L6,2,
 275              L3,2,
 276              L6,2,
 277              M1,2,
 278              L3,2,
 279              L3,2,
 280              L5,2,
 281              L7,2,
 282          
 283              L4,2,
 284              L1,2,
 285              L4,2,
 286              L6,2,
 287              L1,2,
 288              L3,2,
 289              L5,2,
 290              M1,2,
 291          
 292              L4,2,
 293              L1,2,
 294              L4,2,
 295              L6,2,
 296              L5,2,
 297              L2,2,
 298              L5,2,
 299              L5,2,
 300              L7,2,
 301          
C51 COMPILER V9.54   MAIN                                                                  04/16/2023 10:35:25 PAGE 6   

 302              //(21)
 303              H3,2+1,
 304              M5,1,
 305              H3,1,
 306              H2,1,
 307              H1,1,
 308              H2,1,
 309              H2,2+1,
 310              H3,1,
 311              H4,1,
 312              H3,1,
 313              H2,1,
 314              H3,1,
 315          
 316              H1,2+1,
 317              H1,1,
 318              H1,2,
 319              M7,1,
 320              H1,1,
 321              M7,2,
 322              M5,1,
 323              M3,1,
 324              M3,2,
 325              M5,2,
 326          
 327              M6,4,
 328              M7,2,
 329              H1,2,
 330              M5,4,
 331              M3,2,
 332              M5,2,
 333          
 334              M4_,4,
 335              M4,1,
 336              M6,1,
 337              H1,2,
 338              H1,2+1,
 339              M7,1,
 340              M7,1,
 341              H1,1,
 342              H2,1,
 343              M5,1,
 344          
 345              L1,2,
 346              L3,2,
 347              L5,2,
 348              M1,2,
 349              L7,2,
 350              L2,2,
 351              L5,2,
 352              L7,2,
 353          
 354              L6,2,
 355              L3,2,
 356              L6,2,
 357              M1,2,
 358              L3,2,
 359              L3,2,
 360              L5,2,
 361              L7,2,
 362          
 363              L4,2,
C51 COMPILER V9.54   MAIN                                                                  04/16/2023 10:35:25 PAGE 7   

 364              L1,2,
 365              L4,2,
 366              L6,2,
 367              L1,2,
 368              L3,2,
 369              L5,2,
 370              M1,2,
 371          
 372              L4,2,
 373              L1,2,
 374              L4,2,
 375              L6,2,
 376              L5,2,
 377              L2,2,
 378              L5,2,
 379              L7,2,
 380          
 381              //(25)
 382              H3,2+1,
 383              M5,1,
 384              H3,1,
 385              H2,1,
 386              H1,1,
 387              H2,1,
 388              H2,3,
 389              H3,1,
 390              H4,1,
 391              H3,1,
 392              H2,1,
 393              H3,1,
 394          
 395              H1,3,
 396              H1,1,
 397              H1,2,
 398              M7,1,
 399              H1,1,
 400              M7,2,
 401              M5,1,
 402              M3,1,
 403              M3,2,
 404              M5,2,
 405          
 406              M6,4,
 407              M7,2,
 408              H1,2,
 409              M5,4,
 410              M3,2,
 411              M5,2,
 412          
 413              M4,4,
 414              M4,1,
 415              M6,1,
 416              H1,2,
 417              H1,3,
 418              M7,1,
 419              M7,1,
 420              H1,1,
 421              H2,1,
 422              M5,1,
 423          
 424              L1,2,
 425              L3,2,
C51 COMPILER V9.54   MAIN                                                                  04/16/2023 10:35:25 PAGE 8   

 426              L5,2,
 427              M1,2,
 428              L5,2,
 429              L2,2,
 430              L5,2,
 431              L7,2,
 432          
 433              L6,2,
 434              L3,2,
 435              L6,2,
 436              L6,2,
 437              M1,2,
 438              L3,2,
 439              L3,2,
 440              L5,2,
 441              L7,2,
 442          
 443              L4,2,
 444              L1,2,
 445              L4,2,
 446              L6,2,
 447              L1,2,
 448              L3,2,
 449              L5,2,
 450              M1,2,
 451          
 452              L4,2,
 453              L1,2,
 454              L4,2,
 455              L6,2,
 456              L5,2,
 457              L2,2,
 458              L5,2,
 459              L7,2,
 460          
 461              //(29)
 462              H5,2,
 463              H3,1,
 464              H4,1,
 465              H5,2,
 466              H3,1,
 467              H4,1,
 468              H5,2,
 469              M7,1,
 470              M6,1,
 471              M7,1,
 472              H1,1,
 473              H2,1,
 474              H3,1,
 475              H4,1,
 476          
 477              H3,2,
 478              H1,1,
 479              H2,1,
 480              H3,2,
 481              M3,1,
 482              M4,1,
 483              M5,1,
 484              M6,1,
 485              M5,1,
 486              M4,1,
 487              M5,1,
C51 COMPILER V9.54   MAIN                                                                  04/16/2023 10:35:25 PAGE 9   

 488              H1,1,
 489              M7,1,
 490              H1,1,
 491          
 492              M6,2,
 493              H1,1,
 494              M7,1,
 495              M6,2,
 496              M5,1,
 497              M4,1,
 498              M5,1,
 499              M4,1,
 500              M3,1,
 501              M4,1,
 502              M5,1,
 503              M6,1,
 504              M7,1,
 505              H1,1,
 506          
 507              M6,2,
 508              H1,1,
 509              M7,1,
 510              H1,2,
 511              M7,1,
 512              H1,1,
 513              M7,1,
 514              M6,1,
 515              M7,1,
 516              H1,1,
 517              H2,1,
 518              H3,1,
 519              H4,1,
 520              H5,1,
 521          
 522              L1,2,
 523              L5,2,
 524              M1,4,
 525              L5,2,
 526              L2,2,
 527              L7,4,
 528          
 529              L6,2,
 530              L3,2,
 531              M1,4,
 532              L3,2,
 533              L3,2,
 534              L5,4,
 535          
 536              L4,2,
 537              L1,2,
 538              L6,4,
 539              L1,2,
 540              L5,2,
 541              M1,4,
 542          
 543              L4,2,
 544              L1,2,
 545              L6,4,
 546              L5,2,
 547              L2,2,
 548              L7,4,
 549          
C51 COMPILER V9.54   MAIN                                                                  04/16/2023 10:35:25 PAGE 10  

 550              //(33)
 551              H5,2,
 552              H3,1,
 553              H4,1,
 554              H5,2,
 555              H3,1,
 556              H4,1,
 557              H5,1,
 558              M7,1,
 559              M6,1,
 560              M7,1,
 561              H1,1,
 562              H2,1,
 563              H3,1,
 564              H4,1,
 565          
 566              H3,2,
 567              H1,1,
 568              H2,1,
 569              H3,2,
 570              M3,1,
 571              M4,1,
 572              M5,1,
 573              M6,1,
 574              M5,1,
 575              M4,1,
 576              M5,1,
 577              H1,1,
 578              M7,1,
 579              H1,1,
 580          
 581              M6,2,
 582              H1,1,
 583              M7,1,
 584              M6,2,
 585              M5,1,
 586              M4,1,
 587              M5,1,
 588              M4,1,
 589              M3,1,
 590              M4,1,
 591              M5,1,
 592              M6,1,
 593              M7,1,
 594              H1,1,
 595          
 596              M6,2,
 597              H1,1,
 598              M7,1,
 599              H1,2,
 600              M7,1,
 601              H1,1,
 602              M7,1,
 603              M6,1,
 604              M7,1,
 605              H1,1,
 606              H2,1,
 607              H3,1,
 608              H4,1,
 609              H5,1,
 610          
 611              L1,2,
C51 COMPILER V9.54   MAIN                                                                  04/16/2023 10:35:25 PAGE 11  

 612              L5,2,
 613              M1,4,
 614              L5,2,
 615              L2,2,
 616              L7,4,
 617          
 618              L6,2,
 619              L3,2,
 620              M1,4,
 621              L3,2,
 622              L3,2,
 623              L5,4,
 624          
 625              L4,2,
 626              L1,2,
 627              L6,4,
 628              L1,2,
 629              L5,2,
 630              M1,4,
 631          
 632              L4,2,
 633              L1,2,
 634              L6,4,
 635              L5,2,
 636              L2,2,
 637              L7,4,
 638          
 639              //(37)
 640              H3,2,
 641              H1,1,
 642              H2,1,
 643              H3,2,
 644              H2,1,
 645              H1,1,
 646              H2,1,
 647              M7,1,
 648              H1,1,
 649              H2,1,
 650              H3,1,
 651              H2,1,
 652              H1,1,
 653              M7,1,
 654          
 655              H1,2,
 656              M6,1,
 657              M7,1,
 658              H1,2,
 659              M1,1,
 660              M2,1,
 661              M3,1,
 662              M4,1,
 663              M3,1,
 664              M2,1,
 665              M3,1,
 666              H1,1,
 667              M7,1,
 668              H1,1,
 669          
 670              M6,2,
 671              H1,1,
 672              M7,1,
 673              M6,2,
C51 COMPILER V9.54   MAIN                                                                  04/16/2023 10:35:25 PAGE 12  

 674              M5,1,
 675              M4,1,
 676              M5,1,
 677              M4,1,
 678              M3,1,
 679              M4,1,
 680              M5,1,
 681              M6,1,
 682              M7,1,
 683              H1,1,
 684          
 685              M6,2,
 686              H1,1,
 687              M7,1,
 688              H1,2,
 689              M7,1,
 690              M6,1,
 691              M7,1,
 692              H1,1,
 693              H2,1,
 694              H1,1,
 695              M7,1,
 696              H1,1,
 697              M6,1,
 698              M7,1,
 699          
 700              L1,2,
 701              L5,2,
 702              M1,4,
 703              L5,2,
 704              L2,2,
 705              L7,4,
 706          
 707              L6,2,
 708              L3,2,
 709              M1,4,
 710              L3,2,
 711              L3,2,
 712              L5,4,
 713          
 714              L4,2,
 715              L1,2,
 716              L6,4,
 717              L1,2,
 718              L5,2,
 719              M1,4,
 720          
 721              L4,2,
 722              L1,2,
 723              L6,4,
 724              L5,2,
 725              L2,2,
 726              L7,4,
 727          
 728              //(41)
 729              H1,16,
 730          
 731              P,16,
 732          
 733              P,16,
 734          
 735              P,16,
C51 COMPILER V9.54   MAIN                                                                  04/16/2023 10:35:25 PAGE 13  

 736          
 737              L1,2,
 738              L5,2,
 739              M1,2,
 740              M3,2,
 741              L5,2,
 742              L2,2,
 743              L5,2,
 744              L7,2,
 745          
 746              L6,2,
 747              L3,2,
 748              L6,2,
 749              M1,2,
 750              L3,2,
 751              L3,2,
 752              L5,2,
 753              L7,2,
 754          
 755              L4,2,
 756              L1,2,
 757              L4,2,
 758              L6,2,
 759              L1,2,
 760              L5,2,
 761              M1,2,
 762              M3,2,
 763          
 764              L4,2,
 765              L1,2,
 766              L4,2,
 767              L6,2,
 768              L5,2,
 769              L2,2,
 770              L5,2,
 771              L7,2,
 772          
 773              //(45)
 774              P,2,
 775              H3,1,
 776              H4,1,
 777              H5,2,
 778              H3,2,
 779              P,2,
 780              H2,1,
 781              H3,1,
 782              H4,2,
 783              H2,2,
 784          
 785              P,2,
 786              H1,1,
 787              H2,1,
 788              H3,2,
 789              H1,2,
 790              P,2,
 791              H3,1,
 792              H2,1,
 793              H1,2,
 794              M7,2,
 795          
 796              P,2,
 797              M6,1,
C51 COMPILER V9.54   MAIN                                                                  04/16/2023 10:35:25 PAGE 14  

 798              M7,1,
 799              H1,2,
 800              M6,2,
 801              P,2,
 802              M5,1,
 803              M6,1,
 804              H1,2,
 805              M5,2,
 806          
 807              P,2,
 808              M6,1,
 809              M7,1,
 810              H1,2,
 811              M7,1,
 812              M6,1,
 813              P,1,
 814              M5,1,
 815              M6,1,
 816              M7,1,
 817              H2,2,
 818              M7,2,
 819          
 820              L1,2,
 821              L3,2,
 822              L5,2,
 823              M1,2,
 824              L5,2,
 825              L2,2,
 826              L5,2,
 827              L7,2,
 828              
 829              L6,2,
 830              L3,2,
 831              L6,2,
 832              M1,2,
 833              L3,2,
 834              L3,2,
 835              L5,2,
 836              L7,2,
 837          
 838              L4,2,
 839              L1,2,
 840              L4,2,
 841              L6,2,
 842              L1,2,
 843              L3,2,
 844              L5,2,
 845              M1,2,
 846          
 847              L4,2,
 848              L1,2,
 849              L4,2,
 850              L6,2,
 851              L5,2,
 852              L2,2,
 853              L5,2,
 854              L7,2,
 855          
 856              //(49)
 857              P,2,
 858              H3,1,
 859              H4,1,
C51 COMPILER V9.54   MAIN                                                                  04/16/2023 10:35:25 PAGE 15  

 860              H5,2,
 861              H3,2,
 862              P,2,
 863              H2,1,
 864              H3,1,
 865              H4,2,
 866              H2,2,
 867          
 868              P,1,
 869              M6,1,
 870              H1,1,
 871              H2,1,
 872              H3,2,
 873              H1,2,
 874              P,2,
 875              H5,1,
 876              H4,1,
 877              H3,2,
 878              H5,2,
 879          
 880              H6,2,
 881              H6,1,
 882              H5,1,
 883              H4,2,
 884              H6,2,
 885              H5,2,
 886              H5,1,
 887              H4,1,
 888              H3,2,
 889              H5,2,
 890          
 891              H6,1,
 892              H5,1,
 893              H4,1,
 894              H6,1,
 895              H5,1,
 896              H4,1,
 897              H6,1,
 898              H5,1,
 899              H7,1,
 900              H6,1,
 901              H5,2,
 902              M7,1,
 903              H1,1,
 904              H2,1,
 905              M5,1,
 906          
 907              L1,2,
 908              L3,2,
 909              L5,2,
 910              M1,2,
 911              L5,2,
 912              L2,2,
 913              L5,2,
 914              L7,2,
 915          
 916              L6,2,
 917              L3,2,
 918              L6,2,
 919              M1,2,
 920              L3,2,
 921              L3,2,
C51 COMPILER V9.54   MAIN                                                                  04/16/2023 10:35:25 PAGE 16  

 922              L5,2,
 923              L7,2,
 924              
 925              L4,2,
 926              L1,2,
 927              L4,2,
 928              L6,2,
 929              L1,2,
 930              L3,2,
 931              L5,2,
 932              M1,2,
 933          
 934              L4,2,
 935              L1,2,
 936              L4,2,
 937              L6,2,
 938              L5,2,
 939              L2,2,
 940              L5,2,
 941              L7,2,
 942          
 943              //(53)
 944              M5,4,
 945              H3,1,
 946              H2,1,
 947              H1,1,
 948              H2,1,
 949              H2,3,
 950              H3,1,
 951              H3,1,
 952              H4,1,
 953              H2,1,
 954              H3,1,
 955          
 956              H2,3,
 957              H1,1,
 958              H1,2,
 959              M7,1,
 960              H1,1,
 961              M3,1,
 962              M5,1,
 963              M7,1,
 964              H1,1,
 965              H3,1,
 966              H5,1,
 967              H7,1,
 968              H1,1,
 969          
 970              H7,1,
 971              H6,1,
 972              H5,1,
 973              H4,1,
 974              H5,1,
 975              H4,1,
 976              H3,1,
 977              H2,1,
 978              H3,1,
 979              H2,1,
 980              H1,1,
 981              M7,1,
 982              H1,1,
 983              M7,1,
C51 COMPILER V9.54   MAIN                                                                  04/16/2023 10:35:25 PAGE 17  

 984              M6,1,
 985              M5,1,
 986          
 987              M6,1,
 988              M5,1,
 989              M4,1,
 990              M5,1,
 991              M6,1,
 992              M4,1,
 993              M6,1,
 994              H1,1,
 995              M7,1,
 996              M6,1,
 997              M5,1,
 998              H1,1,
 999              H1,1,
1000              M5,1,
1001              H2,1,
1002              M5,1,
1003          
1004              L1,2,
1005              L3,2,
1006              L5,2,
1007              M1,2,
1008              L5,2,
1009              L2,2,
1010              L5,2,
1011              L7,2,
1012          
1013              L6,2,
1014              L3,2,
1015              L6,2,
1016              M1,2,
1017              L3,2,
1018              L3,2,
1019              L5,2,
1020              L7,2,
1021          
1022              L4,2,
1023              L1,2,
1024              L4,2,
1025              L6,2,
1026              L1,2,
1027              L3,2,
1028              L5,2,
1029              M1,2,
1030          
1031              L4,2,
1032              L1,2,
1033              L4,2,
1034              L6,2,
1035              L5,2,
1036              L2,2,
1037              L5,2,
1038              L7,2,
1039          
1040              //(57)
1041              H1,4,
1042              H3,2,
1043              H4,2,
1044              H5,2,
1045              H6,2,
C51 COMPILER V9.54   MAIN                                                                  04/16/2023 10:35:25 PAGE 18  

1046              H5,2,
1047              H4,2,
1048          
1049              H1,4,
1050              H1,2,
1051              H2,2,
1052              H3,2,
1053              H4,2,
1054              H3,2,
1055              H2,2,
1056          
1057              M4,4,
1058              M6,1,
1059              M7,1,
1060              H1,1,
1061              H1,1,
1062              H1,1,
1063              H1,2,
1064              H1,1,
1065              H1,1,
1066              H1,1,
1067              M7,1,
1068              H1,1,
1069          
1070              M4,4,
1071              M4,1,
1072              M6,1,
1073              H1,1,
1074              H2,1,
1075              H1,1,
1076              M7,2,
1077              M7,1,
1078              M7,1,
1079              H1,1,
1080              H2,1,
1081              M5,1,
1082          
1083              L1,2,
1084              L3,2,
1085              L5,2,
1086              L1,2,
1087              L5,2,
1088              L2,2,
1089              L5,2,
1090              L7,2,
1091          
1092              L6,2,
1093              L3,2,
1094              L6,2,
1095              M1,2,
1096              L3,2,
1097              L3,2,
1098              L5,2,
1099              L7,2,
1100          
1101              L4,2,
1102              L1,2,
1103              L4,2,
1104              L6,2,
1105              L1,2,
1106              L3,2,
1107              L5,2,
C51 COMPILER V9.54   MAIN                                                                  04/16/2023 10:35:25 PAGE 19  

1108              M1,2,
1109          
1110              L4,2,
1111              L1,2,
1112              L4,2,
1113              L6,2,
1114              L5,2,
1115              L2,2,
1116              L5,2,
1117              L7,2,
1118          
1119              //(61)
1120              H1,4,
1121              H3,2,
1122              H4,2,
1123              H5,2,
1124              H6,2,
1125              H5,2,
1126              H4,2,
1127          
1128              H1,4,
1129              H1,2,
1130              H2,2,
1131              H3,2,
1132              H4,2,
1133              H3,2,
1134              H2,2,
1135          
1136              M4,4,
1137              M6,1,
1138              M7,1,
1139              H1,1,
1140              H1,1,
1141              H1,1,
1142              H1,2,
1143              H1,1,
1144              H1,1,
1145              H1,1,
1146              M7,1,
1147              H1,1,
1148          
1149              M4,4,
1150              M4,1,
1151              M6,1,
1152              H1,1,
1153              H2,1,
1154              H1,1,
1155              M7,2,
1156              M7,1,
1157              M7,1,
1158              H1,1,
1159              H2,1,
1160              M5,1,
1161          
1162              L1,2,
1163              L3,2,
1164              L5,2,
1165              L1,2,
1166              L5,2,
1167              L2,2,
1168              L5,2,
1169              L7,2,
C51 COMPILER V9.54   MAIN                                                                  04/16/2023 10:35:25 PAGE 20  

1170          
1171              L6,2,
1172              L3,2,
1173              L6,2,
1174              M1,2,
1175              L3,2,
1176              L3,2,
1177              L5,2,
1178              L7,2,
1179          
1180              L4,2,
1181              L1,2,
1182              L4,2,
1183              L6,2,
1184              L1,2,
1185              L3,2,
1186              L5,2,
1187              M1,2,
1188          
1189              L4,2,
1190              L1,2,
1191              L4,2,
1192              L6,2,
1193              L5,2,
1194              L2,2,
1195              L5,2,
1196              L7,2,
1197          
1198              //(65)
1199              H3,8,
1200              H2,8,
1201              H1,8,
1202              M7,8,
1203              M6,8,
1204              M5,8,
1205              M6,8,
1206              M7,8,
1207          
1208              L1,2,
1209              L5,2,
1210              M1,2,
1211              M3,2,
1212              L7,2,
1213              L2,2,
1214              L5,2,
1215              L7,2,
1216          
1217              L6,2,
1218              L3,2,
1219              L6,2,
1220              M1,2,
1221              L3,2,
1222              L3,2,
1223              L5,2,
1224              L7,2,
1225          
1226              L4,2,
1227              L1,2,
1228              L4,2,
1229              L6,2,
1230              L1,2,
1231              L3,2,
C51 COMPILER V9.54   MAIN                                                                  04/16/2023 10:35:25 PAGE 21  

1232              L5,2,
1233              M1,2,
1234          
1235              L4,2,
1236              L1,2,
1237              L4,2,
1238              L6,2,
1239              L5,2,
1240              L2,2,
1241              L5,2,
1242              L7,2,
1243          
1244              H3,8,
1245              H2,8,
1246              H1,8,
1247              M7,8,
1248              M6,8,
1249              M5,8,
1250              M6,8,
1251              M5,8,
1252              M6,8,
1253              M7,8,
1254              M3,16,
1255              L1,2,
1256              L5,2,
1257              M1,2,
1258              M3,2,
1259              L7,2,
1260              L2,2,
1261              L5,2,
1262              L7,2,
1263          
1264              L6,2,
1265              L3,2,
1266              L6,2,
1267              M1,2,
1268              L3,2,
1269              L3,2,
1270              L5,2,
1271              L7,2,
1272          
1273              L4,2,
1274              L1,2,
1275              L4,2,
1276              L6,2,
1277              L1,2,
1278              L3,2,
1279              L5,2,
1280              M1,2,
1281          
1282              M4,2,
1283              L1,2,
1284              L4,2,
1285              L6,2,
1286              L5,2,
1287              L2,2,
1288              L5,2,
1289              L7,2,
1290          
1291              L1,16,
1292          
1293          
C51 COMPILER V9.54   MAIN                                                                  04/16/2023 10:35:25 PAGE 22  

1294          
1295          
1296              0xFF
1297          };
1298          
1299          
1300          unsigned char FreqSelect,MusicSelect;
1301          
1302          void main()
1303          {
1304   1              Timer0Init();
1305   1              while(1)
1306   1              {
1307   2                      if(Music[MusicSelect]!=0xFF)    //Â¶ÇÊûú‰∏çÊòØÂÅúÊ≠¢Ê†áÂøó‰Ωç
1308   2                      {
1309   3                              FreqSelect=Music[MusicSelect];  //ÈÄâÊã©Èü≥Á¨¶ÂØπÂ∫îÁöÑÈ¢ëÁéá
1310   3                              MusicSelect++;
1311   3                              Delay(SPEED/4*Music[MusicSelect]);      //ÈÄâÊã©Èü≥Á¨¶ÂØπÂ∫îÁöÑÊó∂ÂÄº
1312   3                              MusicSelect++;
1313   3                              TR0=0;
1314   3                              Delay(5);       //Èü≥Á¨¶Èó¥Áü≠ÊöÇÂÅúÈ°ø
1315   3                              TR0=1;
1316   3                      }
1317   2                      else    //Â¶ÇÊûúÊòØÂÅúÊ≠¢Ê†áÂøó‰Ωç
1318   2                      {
1319   3                              TR0=0;
1320   3                              while(1);
1321   3                      }
1322   2              }
1323   1      }
1324          
1325          void Timer0_Routine() interrupt 1
1326          {
1327   1              if(FreqTable[FreqSelect])       //Â¶ÇÊûú‰∏çÊòØ‰ºëÊ≠¢Á¨¶
1328   1              {
1329   2                      /*ÂèñÂØπÂ∫îÈ¢ëÁéáÂÄºÁöÑÈáçË£ÖËΩΩÂÄºÂà∞ÂÆöÊó∂Âô®*/
1330   2                      TL0 = FreqTable[FreqSelect]%256;                //ËÆæÁΩÆÂÆöÊó∂ÂàùÂÄº
1331   2                      TH0 = FreqTable[FreqSelect]/256;                //ËÆæÁΩÆÂÆöÊó∂ÂàùÂÄº
1332   2                      Buzzer=!Buzzer; //ÁøªËΩ¨ËúÇÈ∏£Âô®IOÂè£
1333   2              }
1334   1      }
*** ERROR C249 IN LINE 1334 OF main.c: 'DATA': SEGMENT TOO LARGE

C51 COMPILATION COMPLETE.  0 WARNING(S),  1 ERROR(S)
