C51 COMPILER V9.60.7.0   MAIN                                                              01/06/2023 21:19:59 PAGE 1   


C51 COMPILER V9.60.7.0, COMPILATION OF MODULE MAIN
OBJECT MODULE PLACED IN .\Objects\main.obj
COMPILER INVOKED BY: D:\BaiduNetdiskDownload\Keil5\C51\BIN\C51.EXE main.c OPTIMIZE(8,SPEED) BROWSE DEBUG OBJECTEXTEND PR
                    -INT(.\Listings\main.lst) TABS(2) OBJECT(.\Objects\main.obj)

line level    source

   1          #include <REGX52.H>
   2          
   3          unsigned char NixieTable[]={0x3F,0x06,0x5B,0x4F,0x66,0x6D,0x7D,0x07,0x7F,0x6F};
   4          
   5          void Delay(unsigned int xms)    //@12.000MHz
   6          {
   7   1        unsigned char i, j;
   8   1      
   9   1        while(xms--)
  10   1        {
  11   2          i = 2;
  12   2          j = 239;
  13   2          do
  14   2          {
  15   3            while (--j);
  16   3          } while (--i);
  17   2        }
  18   1      }
  19          
  20          void Nixie(unsigned char location,number)
  21          {
  22   1          switch (location)
  23   1          {
  24   2          case 1:
  25   2              P2_4=1;
  26   2              P2_3=1;
  27   2              P2_2=1;
  28   2              break;
  29   2          case 2:
  30   2               P2_4=1;
  31   2              P2_3=1;
  32   2              P2_2=0;
  33   2              break;
  34   2          case 3:
  35   2              P2_4=1;
  36   2              P2_3=0;
  37   2              P2_2=1;
  38   2              break;
  39   2          case 4:
  40   2              P2_4=1;
  41   2              P2_3=0;
  42   2              P2_2=0;
  43   2              break;
  44   2          case 5:
  45   2              P2_4=0;
  46   2              P2_3=1;
  47   2              P2_2=1;
  48   2              break;
  49   2          case 6:
  50   2              P2_4=0;
  51   2              P2_3=1;
  52   2              P2_2=0;
  53   2              break;
  54   2          case 7:
C51 COMPILER V9.60.7.0   MAIN                                                              01/06/2023 21:19:59 PAGE 2   

  55   2              P2_4=0;
  56   2              P2_3=0;
  57   2              P2_2=1;
  58   2              break;
  59   2          case 8:
  60   2              P2_4=0;
  61   2              P2_3=0;
  62   2              P2_2=0;
  63   2              break;
  64   2          default:
  65   2              break;
  66   2          }
  67   1          P0=NixieTable[number];
  68   1          Delay(1);
  69   1          P0=0x00;
  70   1      }
  71          
  72          void main()
  73          {
  74   1          while(1)
  75   1          {
  76   2            unsigned int i=0;
  77   2              for(i=0;i<3;i++)
  78   2              {
  79   3                  Nixie(i+1,i);
  80   3              }
  81   2          }
  82   1      }


MODULE INFORMATION:   STATIC OVERLAYABLE
   CODE SIZE        =    169    ----
   CONSTANT SIZE    =   ----    ----
   XDATA SIZE       =   ----    ----
   PDATA SIZE       =   ----    ----
   DATA SIZE        =     10       2
   IDATA SIZE       =   ----    ----
   BIT SIZE         =   ----    ----
END OF MODULE INFORMATION.


C51 COMPILATION COMPLETE.  0 WARNING(S),  0 ERROR(S)
