C51 COMPILER V9.60.7.0   MAIN                                                              01/07/2023 21:07:26 PAGE 1   


C51 COMPILER V9.60.7.0, COMPILATION OF MODULE MAIN
OBJECT MODULE PLACED IN .\Objects\main.obj
COMPILER INVOKED BY: D:\BaiduNetdiskDownload\Keil5\C51\BIN\C51.EXE main.c OPTIMIZE(8,SPEED) BROWSE DEBUG OBJECTEXTEND PR
                    -INT(.\Listings\main.lst) TABS(2) OBJECT(.\Objects\main.obj)

line level    source

   1          #include <REGX52.H>
   2          
   3          void Delay1ms(unsigned int xms)   //@12.000MHz
   4          {
   5   1        unsigned char i, j;
   6   1      
   7   1          while(xms--)
   8   1          {
   9   2              i = 2;
  10   2              j = 239;
  11   2              do
  12   2              {
  13   3                  while (--j);
  14   3              } while (--i);
  15   2          }
  16   1      }
  17          
  18          void main()
  19          {
  20   1          while(1)
  21   1          {
  22   2              int i;
  23   2              for(i=0;i<8;i++)
  24   2              {
  25   3                  P2=~(0x01<<i);
  26   3                  Delay1ms(100);
  27   3              }
  28   2          }
  29   1      }


MODULE INFORMATION:   STATIC OVERLAYABLE
   CODE SIZE        =     70    ----
   CONSTANT SIZE    =   ----    ----
   XDATA SIZE       =   ----    ----
   PDATA SIZE       =   ----    ----
   DATA SIZE        =   ----       2
   IDATA SIZE       =   ----    ----
   BIT SIZE         =   ----    ----
END OF MODULE INFORMATION.


C51 COMPILATION COMPLETE.  0 WARNING(S),  0 ERROR(S)
