C51 COMPILER V9.60.7.0   MAIN                                                              02/26/2023 23:01:47 PAGE 1   


C51 COMPILER V9.60.7.0, COMPILATION OF MODULE MAIN
OBJECT MODULE PLACED IN .\Objects\main.obj
COMPILER INVOKED BY: D:\BaiduNetdiskDownload\Keil5\C51\BIN\C51.EXE main.c OPTIMIZE(8,SPEED) BROWSE DEBUG OBJECTEXTEND PR
                    -INT(.\Listings\main.lst) TABS(2) OBJECT(.\Objects\main.obj)

line level    source

   1          #include <REGX52.H>
   2          #include "Delay.h"
   3          #include "Timer0.h"
   4          #include "LCD1602.h"
   5          
   6          unsigned char Sec,Min,Hour;
   7          
   8          void main()
   9          {
  10   1          Timer0Init();
  11   1          LCD_Init();
  12   1          LCD_ShowString(1,1,"Clock:");
  13   1        LCD_ShowString(2,1,"  :  :");
  14   1        while(1)
  15   1        {
  16   2          LCD_ShowNum(2,1,Hour,2);
  17   2          LCD_ShowNum(2,4,Min,2);
  18   2          LCD_ShowNum(2,7,Sec,2);
  19   2        }
  20   1      }
  21          
  22          void Timer0_Routine(void) interrupt 1
  23          {
  24   1        static unsigned int T0Count;
  25   1        //使下一次定时器仍为1ms
  26   1        TH0=0xFC;
  27   1        TL0=0x18;
  28   1      
  29   1        //达到1s后执行程序
  30   1        T0Count++;
  31   1        if(T0Count>=1)
  32   1        {
  33   2          T0Count=0;
  34   2          Sec++;
  35   2          if(Sec>=60)
  36   2          {
  37   3            Sec=0;
  38   3            Min++;
  39   3            if(Min>=60)
  40   3            {
  41   4              Min=0;
  42   4              Hour++;
  43   4              if(Hour>=24)
  44   4              {
  45   5                Hour=0;
  46   5              }
  47   4            }
  48   3          }
  49   2        }
  50   1      }


MODULE INFORMATION:   STATIC OVERLAYABLE
   CODE SIZE        =    150    ----
C51 COMPILER V9.60.7.0   MAIN                                                              02/26/2023 23:01:47 PAGE 2   

   CONSTANT SIZE    =     14    ----
   XDATA SIZE       =   ----    ----
   PDATA SIZE       =   ----    ----
   DATA SIZE        =      5    ----
   IDATA SIZE       =   ----    ----
   BIT SIZE         =   ----    ----
END OF MODULE INFORMATION.


C51 COMPILATION COMPLETE.  0 WARNING(S),  0 ERROR(S)
