C51 COMPILER V9.60.7.0   TIMER0                                                            02/26/2023 22:53:20 PAGE 1   


C51 COMPILER V9.60.7.0, COMPILATION OF MODULE TIMER0
OBJECT MODULE PLACED IN .\Objects\Timer0.obj
COMPILER INVOKED BY: D:\BaiduNetdiskDownload\Keil5\C51\BIN\C51.EXE Timer0.c OPTIMIZE(8,SPEED) BROWSE DEBUG OBJECTEXTEND 
                    -PRINT(.\Listings\Timer0.lst) TABS(2) OBJECT(.\Objects\Timer0.obj)

line level    source

   1          #include <REGX52.H>
   2          
   3          /**
   4           *@brief 定时器0初始化，1ms@12.000MHz
   5           *@param 无
   6           *@retval 无
   7           */
   8          //STC-ISP生成的定时器
   9          void Timer0Init(void)   //1毫秒@12.000MHz
  10          {
  11   1        TMOD &= 0xF0;   //设置定时器模式
  12   1        TMOD |= 0x01;
  13   1        TL0 = 0x18;   //设置定时初值
  14   1        TH0 = 0xFC;   //设置定时初值
  15   1        TF0 = 0;    //清除TF0标志
  16   1        TR0 = 1;    //定时器0开始计时
  17   1        ET0=1;
  18   1        EA=1;
  19   1        PT0=0;
  20   1      }
  21          
  22          // //手打的定时器初始化
  23          // void Timer0_Init()
  24          // {
  25          //  //TMOD不可位寻址
  26          // // TMOD=0x01;//0000 0001 TMOD后两位置于01将会是16位模式
  27          //  TMOD=TMOD&0xF0;//把TMOD的低4位清零，高四位保持不变
  28          //  TMOD=TMOD|0x01;//把TMOD的最低为置1，高四位保持不变
  29          
  30          //  //TCON可位寻址
  31          //  TF0=0;//溢出标志位置0，默认值应为0
  32          //  TR0=1;//定时器 T1的运行控制位。该位由软件置位和清零。
  33          
  34          //  TH0=64535/256;//高8位
  35          //  TL0=64535%256+1;//低8位，注意+1：定时器计数器是达到65536时才溢出
  36          
  37          //  ET0=1;
  38          //  EA=1;//EA为总控
  39          
  40          //  PT0=0;//PT0为0时为低优先级，为1时为高优先级
  41          // }
  42          
  43          /*
  44          //定时器中断程序模板
  45          void Timer0_Routine(void) interrupt 1
  46          {
  47            static unsigned int T0Count;
  48            //使下一次定时器仍为1ms
  49            TH0=0xFC;
  50            TL0=0x18;
  51          
  52            //达到1s后执行程序
  53            T0Count++;
  54            if(T0Count>=1000)
C51 COMPILER V9.60.7.0   TIMER0                                                            02/26/2023 22:53:20 PAGE 2   

  55            {
  56              T0Count=0;
  57              
  58            }
  59          }
  60          */


MODULE INFORMATION:   STATIC OVERLAYABLE
   CODE SIZE        =     23    ----
   CONSTANT SIZE    =   ----    ----
   XDATA SIZE       =   ----    ----
   PDATA SIZE       =   ----    ----
   DATA SIZE        =   ----    ----
   IDATA SIZE       =   ----    ----
   BIT SIZE         =   ----    ----
END OF MODULE INFORMATION.


C51 COMPILATION COMPLETE.  0 WARNING(S),  0 ERROR(S)
