C51 COMPILER V9.54   MAIN                                                                  04/18/2023 22:07:13 PAGE 1   


C51 COMPILER V9.54, COMPILATION OF MODULE MAIN
OBJECT MODULE PLACED IN .\Objects\main.obj
COMPILER INVOKED BY: D:\Keil5MDK\C51\BIN\C51.EXE main.c OPTIMIZE(8,SPEED) BROWSE DEBUG OBJECTEXTEND PRINT(.\Listings\mai
                    -n.lst) OBJECT(.\Objects\main.obj)

line level    source

   1          #include <REGX52.H>
   2          #include "Delay.h"
   3          #include "Timer0.h"
   4          
   5          sbit DA=P2^1;
   6          
   7          unsigned char Counter,Compare;
   8          
   9          void main()
  10          {
  11   1          unsigned char i;
  12   1          Timer0Init();
  13   1          Compare=50;
  14   1          while(1)
  15   1          {
  16   2              for(i=0;i<100;i++)
  17   2              {
  18   3                  Compare=i;
  19   3                  Delay(10);
  20   3              }
  21   2              for(i=100;i>0;i--)
  22   2              {
  23   3                  Compare=i;
  24   3                  Delay(10);
  25   3              }
  26   2          }
  27   1      }
  28          
  29          void Timer0_Routine(void) interrupt 1
  30          {
  31   1              TH0=0xFF;
  32   1              TL0=0x9C;
  33   1          Counter++;
  34   1          Counter%=100;
  35   1          if(Counter<Compare)
  36   1          {
  37   2              DA=1;
  38   2          }
  39   1          else
  40   1          {
  41   2              DA=0;
  42   2          }
  43   1      }


MODULE INFORMATION:   STATIC OVERLAYABLE
   CODE SIZE        =     95    ----
   CONSTANT SIZE    =   ----    ----
   XDATA SIZE       =   ----    ----
   PDATA SIZE       =   ----    ----
   DATA SIZE        =      2       1
   IDATA SIZE       =   ----    ----
   BIT SIZE         =   ----    ----
END OF MODULE INFORMATION.

C51 COMPILER V9.54   MAIN                                                                  04/18/2023 22:07:13 PAGE 2   


C51 COMPILATION COMPLETE.  0 WARNING(S),  0 ERROR(S)
