C51 COMPILER V9.60.7.0   DS1302                                                            03/07/2023 08:46:59 PAGE 1   


C51 COMPILER V9.60.7.0, COMPILATION OF MODULE DS1302
OBJECT MODULE PLACED IN .\Objects\DS1302.obj
COMPILER INVOKED BY: D:\BaiduNetdiskDownload\Keil5\C51\BIN\C51.EXE DS1302.c OPTIMIZE(8,SPEED) BROWSE DEBUG OBJECTEXTEND 
                    -PRINT(.\Listings\DS1302.lst) TABS(2) OBJECT(.\Objects\DS1302.obj)

line level    source

   1          #include <REGX52.H>
   2          
   3          //引脚定义
   4          sbit DS1302_SCLK=P3^6;
   5          sbit DS1302_IO=P3^4;
   6          sbit DS1302_CE=P3^5;
   7          
   8          //寄存器写入地址/指令定义
   9          #define DS1302_SECOND   0x80
  10          #define DS1302_MINUTE   0x82
  11          #define DS1302_HOUR     0x84
  12          #define DS1302_DATE     0x86
  13          #define DS1302_MONTH    0x88
  14          #define DS1302_DAY      0x8A
  15          #define DS1302_YEAR     0x8C
  16          #define DS1302_WP       0x8E
  17          
  18          unsigned char DS1302_Time[]={23,3,7,12,59,55,2};
  19          
  20          void  DS1302_Init(void)
  21          {
  22   1          DS1302_CE=0;
  23   1          DS1302_SCLK=0;
  24   1      }
  25          
  26          void DS1302_WriteByte(unsigned char Command,Data)
  27          {
  28   1          unsigned i;
  29   1          DS1302_CE=1;
  30   1      
  31   1          for(i=0;i<8;i++)
  32   1          {
  33   2              DS1302_IO=Command&(0x01<<i);
  34   2              DS1302_SCLK=1;
  35   2              DS1302_SCLK=0;
  36   2          }
  37   1          for(i=0;i<8;i++)
  38   1          {
  39   2              DS1302_IO=Data&(0x01<<i);
  40   2              DS1302_SCLK=1;
  41   2              DS1302_SCLK=0;
  42   2          }
  43   1          DS1302_CE=0;
  44   1          DS1302_IO=0;
  45   1      }
  46          
  47          unsigned char DS1302_ReadByte(unsigned char Command)
  48          {
  49   1          unsigned char i,Data=0x00;
  50   1          Command |= 0x01;
  51   1          DS1302_CE=1;
  52   1      
  53   1          for(i=0;i<8;i++)
  54   1          {
C51 COMPILER V9.60.7.0   DS1302                                                            03/07/2023 08:46:59 PAGE 2   

  55   2              DS1302_IO=Command&(0x01<<i);
  56   2              DS1302_SCLK=0;
  57   2              DS1302_SCLK=1;
  58   2          }
  59   1          for(i=0;i<8;i++)
  60   1          {
  61   2              DS1302_SCLK=1;
  62   2              DS1302_SCLK=0;
  63   2              if(DS1302_IO)
  64   2              {
  65   3                  Data|=(0x01<<i);// 将IO口各位依次置1
  66   3              }
  67   2          }
  68   1      
  69   1          DS1302_CE=0;
  70   1          DS1302_IO=0;
  71   1          return Data;
  72   1      }
  73          
  74          void DS1302_SetTime(void)
  75          {
  76   1        DS1302_WriteByte(DS1302_WP,0x00);
  77   1          DS1302_WriteByte(DS1302_YEAR,DS1302_Time[0]/10*16+DS1302_Time[0]%10);//十进制转BCD码后写入
  78   1          DS1302_WriteByte(DS1302_MONTH,DS1302_Time[1]/10*16+DS1302_Time[1]%10);
  79   1          DS1302_WriteByte(DS1302_DATE,DS1302_Time[2]/10*16+DS1302_Time[2]%10);
  80   1          DS1302_WriteByte(DS1302_HOUR,DS1302_Time[3]/10*16+DS1302_Time[3]%10);
  81   1          DS1302_WriteByte(DS1302_MINUTE,DS1302_Time[4]/10*16+DS1302_Time[4]%10);
  82   1          DS1302_WriteByte(DS1302_SECOND,DS1302_Time[5]/10*16+DS1302_Time[5]%10);
  83   1          DS1302_WriteByte(DS1302_DAY,DS1302_Time[6]/10*16+DS1302_Time[6]%10);
  84   1          DS1302_WriteByte(DS1302_WP,0x80);//打开写保护
  85   1      }
  86          
  87          void DS1302_ReadTime(void)
  88          {
  89   1          unsigned char Temp;
  90   1        Temp=DS1302_ReadByte(DS1302_YEAR);//BCD码转十进制后读取
  91   1          DS1302_Time[0]=Temp/16*10+Temp%16;
  92   1          Temp=DS1302_ReadByte(DS1302_MONTH);
  93   1          DS1302_Time[1]=Temp/16*10+Temp%16;
  94   1          Temp=DS1302_ReadByte(DS1302_DATE);
  95   1          DS1302_Time[2]=Temp/16*10+Temp%16;
  96   1          Temp=DS1302_ReadByte(DS1302_HOUR);
  97   1          DS1302_Time[3]=Temp/16*10+Temp%16;
  98   1          Temp=DS1302_ReadByte(DS1302_MINUTE);
  99   1          DS1302_Time[4]=Temp/16*10+Temp%16;
 100   1          Temp=DS1302_ReadByte(DS1302_SECOND);
 101   1          DS1302_Time[5]=Temp/16*10+Temp%16;
 102   1          Temp=DS1302_ReadByte(DS1302_DAY);
 103   1          DS1302_Time[6]=Temp/16*10+Temp%16;
 104   1      }


MODULE INFORMATION:   STATIC OVERLAYABLE
   CODE SIZE        =    571    ----
   CONSTANT SIZE    =   ----    ----
   XDATA SIZE       =   ----    ----
   PDATA SIZE       =   ----    ----
   DATA SIZE        =      7       2
   IDATA SIZE       =   ----    ----
   BIT SIZE         =   ----    ----
END OF MODULE INFORMATION.


C51 COMPILATION COMPLETE.  0 WARNING(S),  0 ERROR(S)
