C51 COMPILER V9.60.7.0   ONEWIRE                                                           04/11/2023 00:34:33 PAGE 1   


C51 COMPILER V9.60.7.0, COMPILATION OF MODULE ONEWIRE
OBJECT MODULE PLACED IN .\Objects\OneWire.obj
COMPILER INVOKED BY: D:\BaiduNetdiskDownload\Keil5\C51\BIN\C51.EXE OneWire.c OPTIMIZE(8,SPEED) BROWSE DEBUG OBJECTEXTEND
                    - PRINT(.\Listings\OneWire.lst) TABS(2) OBJECT(.\Objects\OneWire.obj)

line level    source

   1          #include <REGX52.H>
   2          
   3          sbit OneWire_DQ=P3^7;
   4          
   5          unsigned char OneWire_Init(void)
   6          {
   7   1        unsigned char i;
   8   1        unsigned char AckBit;
   9   1        OneWire_DQ=1;
  10   1        OneWire_DQ=0;
  11   1        i = 247;while (--i);//Delay 500us
  12   1        OneWire_DQ=1;
  13   1      
  14   1        i = 32;while (--i);//Delay 70us
  15   1      
  16   1        AckBit=OneWire_DQ;
  17   1      
  18   1        i = 247;while (--i);//Delay 500us
  19   1        return AckBit;
  20   1      }
  21          
  22          void OneWire_SendBit(unsigned char Bit)
  23          {
  24   1        unsigned char i;
  25   1        OneWire_DQ=0;
  26   1        i = 4;while (--i);//Delay 10us
  27   1        OneWire_DQ=Bit;
  28   1        i = 24;while (--i);//Delay 50us
  29   1        OneWire_DQ=1;
  30   1      }
  31          
  32          unsigned char OneWire_ReceiveBit(void)
  33          {
  34   1        unsigned char i,Bit;
  35   1      
  36   1        OneWire_DQ=0;
  37   1        i = 2;while (--i);//Delay 5us
  38   1        OneWire_DQ=1;
  39   1        i = 2;while (--i);//Delay 5us
  40   1        Bit=OneWire_DQ;
  41   1        i = 24;while (--i);//Delay 50us
  42   1      
  43   1        return Bit;
  44   1      }
  45          
  46          void OneWire_SendByte(unsigned char Byte)
  47          {
  48   1        unsigned char i;
  49   1        for(i=0;i<8;i++)
  50   1        {
  51   2          OneWire_SendBit(Byte&(0x01<<i));
  52   2        }
  53   1      }
  54          
C51 COMPILER V9.60.7.0   ONEWIRE                                                           04/11/2023 00:34:33 PAGE 2   

  55          unsigned char OneWire_ReceiveByte(void)
  56          {
  57   1        unsigned char i,Byte=0x00;
  58   1        for(i=0;i<8;i++)
  59   1        {
  60   2          if(OneWire_ReceiveBit())
  61   2          {
  62   3            Byte |= (0x01<<i);
  63   3          }
  64   2        }
  65   1        return Byte;
  66   1      }


MODULE INFORMATION:   STATIC OVERLAYABLE
   CODE SIZE        =    122    ----
   CONSTANT SIZE    =   ----    ----
   XDATA SIZE       =   ----    ----
   PDATA SIZE       =   ----    ----
   DATA SIZE        =   ----    ----
   IDATA SIZE       =   ----    ----
   BIT SIZE         =   ----    ----
END OF MODULE INFORMATION.


C51 COMPILATION COMPLETE.  0 WARNING(S),  0 ERROR(S)
