C51 COMPILER V9.54   INT0                                                                  04/20/2023 22:15:49 PAGE 1   


C51 COMPILER V9.54, COMPILATION OF MODULE INT0
OBJECT MODULE PLACED IN .\Objects\Int0.obj
COMPILER INVOKED BY: D:\Keil5MDK\C51\BIN\C51.EXE Int0.c OPTIMIZE(8,SPEED) BROWSE DEBUG OBJECTEXTEND PRINT(.\Listings\Int
                    -0.lst) OBJECT(.\Objects\Int0.obj)

line level    source

   1          #include <REGX52.H>
   2          
   3          /**
   4           * @brief  Initialize the interrupt 0
   5           * @param  None
   6           * @retval None
   7          */
   8          void Int0_Init(void)
   9          {
  10   1              IT0=0;
  11   1          IE0=0;
  12   1          EX0=1;
  13   1          EA=1;
  14   1          PX0=1;
  15   1      }
  16          
  17          /*!
  18          void Int0_Routine(void) interrupt 0
  19          {
  20                  
  21          }
  22          */


MODULE INFORMATION:   STATIC OVERLAYABLE
   CODE SIZE        =     11    ----
   CONSTANT SIZE    =   ----    ----
   XDATA SIZE       =   ----    ----
   PDATA SIZE       =   ----    ----
   DATA SIZE        =   ----    ----
   IDATA SIZE       =   ----    ----
   BIT SIZE         =   ----    ----
END OF MODULE INFORMATION.


C51 COMPILATION COMPLETE.  0 WARNING(S),  0 ERROR(S)
