C51 COMPILER V9.54   MAIN                                                                  04/19/2023 22:07:09 PAGE 1   


C51 COMPILER V9.54, COMPILATION OF MODULE MAIN
OBJECT MODULE PLACED IN .\Objects\main.obj
COMPILER INVOKED BY: D:\Keil5MDK\C51\BIN\C51.EXE main.c OPTIMIZE(8,SPEED) BROWSE DEBUG OBJECTEXTEND PRINT(.\Listings\mai
                    -n.lst) OBJECT(.\Objects\main.obj)

line level    source

   1          #include <REGX52.H>
   2          #include "Delay.h"
   3          #include "LCD1602.h"
   4          #include "IR.h"
   5          
   6          unsigned char Num;
   7          unsigned char Address,Command;
   8          
   9          void main()
  10          {
  11   1          LCD_Init();
  12   1          LCD_ShowString(1,1,"A");
  13   1      
  14   1          IR_Init();
  15   1      
  16   1          while(1)
  17   1          {
  18   2              if(IR_GetDataFlag())
  19   2              {
  20   3                  Address=IR_GetAddress();
  21   3                  Command=IR_GetCommand();
  22   3      
  23   3                  LCD_ShowHexNum(2,1,Address,2);
  24   3                  LCD_ShowHexNum(2,5,Command,2);
  25   3              }
  26   2          }
  27   1      }


MODULE INFORMATION:   STATIC OVERLAYABLE
   CODE SIZE        =     67    ----
   CONSTANT SIZE    =      2    ----
   XDATA SIZE       =   ----    ----
   PDATA SIZE       =   ----    ----
   DATA SIZE        =      3    ----
   IDATA SIZE       =   ----    ----
   BIT SIZE         =   ----    ----
END OF MODULE INFORMATION.


C51 COMPILATION COMPLETE.  0 WARNING(S),  0 ERROR(S)
