C51 COMPILER V9.54   TIMER0                                                                04/19/2023 22:07:10 PAGE 1   


C51 COMPILER V9.54, COMPILATION OF MODULE TIMER0
OBJECT MODULE PLACED IN .\Objects\Timer0.obj
COMPILER INVOKED BY: D:\Keil5MDK\C51\BIN\C51.EXE Timer0.c OPTIMIZE(8,SPEED) BROWSE DEBUG OBJECTEXTEND PRINT(.\Listings\T
                    -imer0.lst) OBJECT(.\Objects\Timer0.obj)

line level    source

   1          #include <REGX52.H>
   2          
   3          /**
   4           *@brief 定时器0初始化，1ms@12.000MHz
   5           *@param 无
   6           *@retval 无
   7           */
   8          void Timer0_Init(void)          //1毫秒@12.000MHz
   9          {
  10   1              TMOD &= 0xF0;           //设置定时器模式
  11   1              TL0 = 0;                //设置定时初值
  12   1              TH0 = 0;                //设置定时初值
  13   1              TF0 = 0;                //清除TF0标志
  14   1              TR0 = 0;                //定时器0不计时
  15   1      }
  16          
  17          void Timer0_SetCounter(unsigned int Value)
  18          {
  19   1              TH0=Value/256;
  20   1              TL0=Value%256;
  21   1      }
  22          
  23          unsigned int Timer0_GetCounter(void)
  24          {
  25   1              return (TH0<<8)|TL0;
  26   1      }
  27          
  28          void Timer0_Run(unsigned char Flag)
  29          {
  30   1              TR0=Flag;
  31   1      }
  32          
  33          // //手打的定时器初始化
  34          // void Timer0_Init()
  35          // {
  36          //      //TMOD不可位寻址
  37          // //   TMOD=0x01;//0000 0001 TMOD后两位置于01将会是16位模式
  38          //      TMOD=TMOD&0xF0;//把TMOD的低4位清零，高四位保持不变
  39          //      TMOD=TMOD|0x01;//把TMOD的最低为置1，高四位保持不变
  40          
  41          //      //TCON可位寻址
  42          //      TF0=0;//溢出标志位置0，默认值应为0
  43          //      TR0=1;//定时器 T1的运行控制位。该位由软件置位和清零。
  44          
  45          //      TH0=64535/256;//高8位
  46          //      TL0=64535%256+1;//低8位，注意+1：定时器计数器是达到65536时才溢出
  47          
  48          //      ET0=1;
  49          //      EA=1;//EA为总控
  50          
  51          //      PT0=0;//PT0为0时为低优先级，为1时为高优先级
  52          // }
  53          
  54          /*
C51 COMPILER V9.54   TIMER0                                                                04/19/2023 22:07:10 PAGE 2   

  55          //定时器中断程序模板
  56          void Timer0_Routine(void) interrupt 1
  57          {
  58                  static unsigned int T0Count;
  59                  //使下一次定时器仍为1ms
  60                  TH0=0xFC;
  61                  TL0=0x18;
  62          
  63                  //达到1s后执行程序
  64                  T0Count++;
  65                  if(T0Count>=1000)
  66                  {
  67                          T0Count=0;
  68                          
  69                  }
  70          }
  71          */


MODULE INFORMATION:   STATIC OVERLAYABLE
   CODE SIZE        =     39    ----
   CONSTANT SIZE    =   ----    ----
   XDATA SIZE       =   ----    ----
   PDATA SIZE       =   ----    ----
   DATA SIZE        =   ----    ----
   IDATA SIZE       =   ----    ----
   BIT SIZE         =   ----    ----
END OF MODULE INFORMATION.


C51 COMPILATION COMPLETE.  0 WARNING(S),  0 ERROR(S)
