C51 COMPILER V9.54   MAIN                                                                  04/16/2023 13:42:30 PAGE 1   


C51 COMPILER V9.54, COMPILATION OF MODULE MAIN
OBJECT MODULE PLACED IN .\Objects\main.obj
COMPILER INVOKED BY: D:\Keil5MDK\C51\BIN\C51.EXE main.c OPTIMIZE(8,SPEED) BROWSE DEBUG OBJECTEXTEND PRINT(.\Listings\mai
                    -n.lst) OBJECT(.\Objects\main.obj)

line level    source

   1          #include <REGX52.H>
   2          
   3          typedef P2 LED;
*** ERROR C129 IN LINE 3 OF main.c: missing ';' before 'LED'
   4          
   5          void Delay(unsigned int t)
   6          {
   7              while(t--);
   8          }
   9          
  10          void main()
  11          {
  12              unsigned char Time,i;
  13              while(1)
  14              {
  15                  for(Time=1;Time<100;Time++)
  16                  {
  17                      for(i=0;i<20;i++)
  18                      {
  19                          LED=0;
  20                          Delay(Time);
  21                          LED=1;
  22                          Delay(100-Time);
  23                      }
  24                  }
  25                  for(Time=100;Time>0;Time--)
  26                  {
  27                      for(i=0;i<20;i++)
  28                      {
  29                          LED=0;
  30                          Delay(Time);
  31                          LED=1;
  32                          Delay(100-Time);
  33                      }
  34                  }
  35              }
  36          }

C51 COMPILATION COMPLETE.  0 WARNING(S),  1 ERROR(S)
