C51 COMPILER V9.60.7.0   MAIN                                                              01/05/2023 22:56:56 PAGE 1   


C51 COMPILER V9.60.7.0, COMPILATION OF MODULE MAIN
OBJECT MODULE PLACED IN .\Objects\main.obj
COMPILER INVOKED BY: D:\BaiduNetdiskDownload\Keil5\C51\BIN\C51.EXE main.c OPTIMIZE(8,SPEED) BROWSE DEBUG OBJECTEXTEND PR
                    -INT(.\Listings\main.lst) TABS(2) OBJECT(.\Objects\main.obj)

line level    source

   1          #include <REGX52.H>
   2          
   3          unsigned char LEDNum=0;
   4          
   5          void Delay(unsigned int xms)    //@12.000MHz
   6          {
   7   1        unsigned char i, j;
   8   1      
   9   1        while(xms--)
  10   1        {
  11   2          i = 2;
  12   2          j = 239;
  13   2          do
  14   2          {
  15   3            while (--j);
  16   3          } while (--i);
  17   2        }
  18   1      }
  19          
  20          
  21          void main()
  22          {
  23   1          P2=~0x01;
  24   1        while(1)
  25   1        {
  26   2          if(P3_0==0)
  27   2          {
  28   3            Delay(20);
  29   3            while (P3_0==0);
  30   3            Delay(20);
  31   3      
  32   3            LEDNum++;
  33   3                  if(LEDNum>=8)
  34   3                  {
  35   4                      LEDNum=0;
  36   4                  }
  37   3                  P2=~(0x01<<LEDNum);
  38   3          }
  39   2              if(P3_1==0)
  40   2              {
  41   3                  Delay(20);
  42   3                  while (P3_1==0);
  43   3                  Delay(20);
  44   3      
  45   3                  if(LEDNum==0)
  46   3                      LEDNum=7;
  47   3                  else
  48   3                      LEDNum--;
  49   3                  P2=~(0x01<<LEDNum);
  50   3              }
  51   2        }
  52   1      }


C51 COMPILER V9.60.7.0   MAIN                                                              01/05/2023 22:56:56 PAGE 2   

MODULE INFORMATION:   STATIC OVERLAYABLE
   CODE SIZE        =    109    ----
   CONSTANT SIZE    =   ----    ----
   XDATA SIZE       =   ----    ----
   PDATA SIZE       =   ----    ----
   DATA SIZE        =      1    ----
   IDATA SIZE       =   ----    ----
   BIT SIZE         =   ----    ----
END OF MODULE INFORMATION.


C51 COMPILATION COMPLETE.  0 WARNING(S),  0 ERROR(S)
