C51 COMPILER V9.60.7.0   MAIN                                                              04/01/2023 23:09:15 PAGE 1   


C51 COMPILER V9.60.7.0, COMPILATION OF MODULE MAIN
OBJECT MODULE PLACED IN .\Objects\main.obj
COMPILER INVOKED BY: D:\BaiduNetdiskDownload\Keil5\C51\BIN\C51.EXE main.c OPTIMIZE(8,SPEED) BROWSE DEBUG OBJECTEXTEND PR
                    -INT(.\Listings\main.lst) TABS(2) OBJECT(.\Objects\main.obj)

line level    source

   1          #include <REGX52.H>
   2          #include "Nixie.h"
   3          #include "Key.h"
   4          #include "Timer0.h"
   5          #include "AT24C02.h"
   6          #include "Delay.h"
   7          
   8          unsigned char KeyNum;
   9          unsigned char Hour,Min,Sec,MiniSec;
  10          unsigned char RunFlag;
  11          
  12          void main()
  13          {
  14   1        Timer0_Init();
  15   1        while(1)
  16   1        {
  17   2          KeyNum=Key();
  18   2          if(KeyNum==1)
  19   2          {
  20   3            RunFlag=!RunFlag;
  21   3          }
  22   2          if(KeyNum==2)
  23   2          {
  24   3            Min=Sec=MiniSec=0;
  25   3          }
  26   2          if(KeyNum==3)
  27   2          {
  28   3            AT24C02_WriteByte(0,Min);
  29   3            Delay(5);
  30   3            AT24C02_WriteByte(1,Sec);
  31   3            Delay(5);
  32   3            AT24C02_WriteByte(2,MiniSec);
  33   3            Delay(5);
  34   3          }
  35   2          if(KeyNum==4)
  36   2          {
  37   3            Min=AT24C02_ReadByte(0);
  38   3            Sec=AT24C02_ReadByte(1);
  39   3            MiniSec=AT24C02_ReadByte(2);
  40   3          }
  41   2          Nixie_SetBuf(1,Min/10);
  42   2          Nixie_SetBuf(2,Min%10);
  43   2          Nixie_SetBuf(3,11);
  44   2          Nixie_SetBuf(4,Sec/10);
  45   2          Nixie_SetBuf(5,Sec%10);
  46   2          Nixie_SetBuf(6,11);
  47   2          Nixie_SetBuf(7,MiniSec/10);
  48   2          Nixie_SetBuf(8,MiniSec%10);
  49   2        }
  50   1      }
  51          
  52          void Sec_Loop(void)
  53          {
  54   1        if(RunFlag)
C51 COMPILER V9.60.7.0   MAIN                                                              04/01/2023 23:09:15 PAGE 2   

  55   1        {
  56   2          MiniSec++;
  57   2          if(MiniSec>=100)
  58   2          {
  59   3            MiniSec=0;
  60   3            Sec++;
  61   3            if(Sec>=60)
  62   3            {
  63   4              Sec=0;
  64   4              Min++;
  65   4              if(Min>=60)
  66   4              {
  67   5                Min=0;
  68   5              }
  69   4            }
  70   3          }
  71   2        }
  72   1      }
  73          
  74          void Timer0_Routine(void) interrupt 1
  75          {
  76   1        static unsigned int T0Count1,T0Count2,T0Count3;
  77   1        //使下一次定时器仍为1ms
  78   1        TH0=0xFC;
  79   1        TL0=0x18;
  80   1      
  81   1        //达到1s后执行程序
  82   1        T0Count1++;
  83   1        if(T0Count1>=20)
  84   1        {
  85   2          T0Count1=0;
  86   2          Key_Loop();
  87   2        }
  88   1        T0Count2++;
  89   1        if(T0Count2>=2)
  90   1        {
  91   2          T0Count2=0;
  92   2          Nixie_Loop();
  93   2        }
  94   1        T0Count3++;
  95   1        if(T0Count3>=10)
  96   1        {
  97   2          T0Count3=0;
  98   2          Sec_Loop();
  99   2        }
 100   1      }


MODULE INFORMATION:   STATIC OVERLAYABLE
   CODE SIZE        =    410    ----
   CONSTANT SIZE    =   ----    ----
   XDATA SIZE       =   ----    ----
   PDATA SIZE       =   ----    ----
   DATA SIZE        =     12    ----
   IDATA SIZE       =   ----    ----
   BIT SIZE         =   ----    ----
END OF MODULE INFORMATION.


C51 COMPILATION COMPLETE.  0 WARNING(S),  0 ERROR(S)
