C51 COMPILER V9.54   NIXIE                                                                 04/01/2023 23:02:02 PAGE 1   


C51 COMPILER V9.54, COMPILATION OF MODULE NIXIE
OBJECT MODULE PLACED IN .\Objects\Nixie.obj
COMPILER INVOKED BY: D:\Keil5MDK\C51\BIN\C51.EXE Nixie.c OPTIMIZE(8,SPEED) BROWSE DEBUG OBJECTEXTEND PRINT(.\Listings\Ni
                    -xie.lst) OBJECT(.\Objects\Nixie.obj)

line level    source

   1          #include <REGX52.H>
   2          #include "Delay.h"
   3          
   4          unsigned char Nixie_Buf[11]={0,10,10,10,10,10,10,10,10,10,10};
   5          
   6          unsigned char NixieTable[]={0x3F,0x06,0x5B,0x4F,0x66,0x6D,0x7D,0x07,0x7F,0x6F,0x00,0x40};
   7          
   8          void Nixie_SetBuf(unsigned char Location,Number)
   9          {
  10   1          Nixie_Buf[Location]=Number;
  11   1      }
  12          
  13          void Nixie_Scan(unsigned char location,number)
  14          {
  15   1          P0=0x00;
  16   1      
  17   1          //选择位置
  18   1          switch (location)
  19   1          {
  20   2          case 1:
  21   2              P2_4=1;
  22   2              P2_3=1;
  23   2              P2_2=1;
  24   2              break;
  25   2          case 2:
  26   2               P2_4=1;
  27   2              P2_3=1;
  28   2              P2_2=0;
  29   2              break;
  30   2          case 3:
  31   2              P2_4=1;
  32   2              P2_3=0;
  33   2              P2_2=1;
  34   2              break;
  35   2          case 4:
  36   2              P2_4=1;
  37   2              P2_3=0;
  38   2              P2_2=0;
  39   2              break;
  40   2          case 5:
  41   2              P2_4=0;
  42   2              P2_3=1;
  43   2              P2_2=1;
  44   2              break;
  45   2          case 6:
  46   2              P2_4=0;
  47   2              P2_3=1;
  48   2              P2_2=0;
  49   2              break;
  50   2          case 7:
  51   2              P2_4=0;
  52   2              P2_3=0;
  53   2              P2_2=1;
  54   2              break;
C51 COMPILER V9.54   NIXIE                                                                 04/01/2023 23:02:02 PAGE 2   

  55   2          case 8:
  56   2              P2_4=0;
  57   2              P2_3=0;
  58   2              P2_2=0;
  59   2              break;
  60   2          default:
  61   2              break;
  62   2          }
  63   1          P0=NixieTable[number];//传递数字的阳码
  64   1      }
  65          
  66          void Nixie_Loop()
  67          {
  68   1          static unsigned char i=1;
  69   1          Nixie_Scan(i,Nixie_Buf[i]);
  70   1          i++;
  71   1          if(i>=9)
  72   1          {
  73   2              i=1;
  74   2          }
  75   1      }


MODULE INFORMATION:   STATIC OVERLAYABLE
   CODE SIZE        =    138    ----
   CONSTANT SIZE    =   ----    ----
   XDATA SIZE       =   ----    ----
   PDATA SIZE       =   ----    ----
   DATA SIZE        =     24    ----
   IDATA SIZE       =   ----    ----
   BIT SIZE         =   ----    ----
END OF MODULE INFORMATION.


C51 COMPILATION COMPLETE.  0 WARNING(S),  0 ERROR(S)
