Rebuild target 'Target 1'
compiling main.c...
compiling Nixie.c...
linking...
*** WARNING L16: UNCALLED SEGMENT, IGNORED FOR OVERLAY PROCESS
    SEGMENT: ?PR?PROCESSINIT?MAIN

*** WARNING L16: UNCALLED SEGMENT, IGNORED FOR OVERLAY PROCESS
    SEGMENT: ?PR?_NIXIESHOWPOINT?NIXIE

*** WARNING L16: UNCALLED SEGMENT, IGNORED FOR OVERLAY PROCESS
    SEGMENT: ?PR?_NIXIESHOWDASH?NIXIE

*** WARNING L16: UNCALLED SEGMENT, IGNORED FOR OVERLAY PROCESS
    SEGMENT: ?PR?_NIXIESHOWHYPHEN?NIXIE

*** WARNING L1: UNRESOLVED EXTERNAL SYMBOL
    SYMBOL:  TIMER0_INIT
    MODULE:  .\Objects\main.obj (MAIN)

*** WARNING L2: REFERENCE MADE TO UNRESOLVED EXTERNAL
    SYMBOL:  TIMER0_INIT
    MODULE:  .\Objects\main.obj (MAIN)
    ADDRESS: 011CH

Program Size: data=30.0 xdata=0 code=330
creating hex file from ".\Objects\Project"...
".\Objects\Project" - 0 Error(s), 6 Warning(s).
Build Time Elapsed:  00:00:00
