C51 COMPILER V9.60.7.0   MAIN                                                              04/16/2023 14:42:07 PAGE 1   


C51 COMPILER V9.60.7.0, COMPILATION OF MODULE MAIN
OBJECT MODULE PLACED IN .\Objects\main.obj
COMPILER INVOKED BY: D:\BaiduNetdiskDownload\Keil5\C51\BIN\C51.EXE main.c OPTIMIZE(8,SPEED) BROWSE DEBUG OBJECTEXTEND PR
                    -INT(.\Listings\main.lst) TABS(2) OBJECT(.\Objects\main.obj)

line level    source

   1          #include <REGX52.H>
   2          #include "Delay.h"
   3          #include "Timer0.h"
   4          #include "Nixie.h"
   5          #include "Key.h"
   6          
   7          sbit Motor=P1^0;
   8          
   9          unsigned char Counter,Compare;
  10          unsigned char KeyNum,Speed;
  11          
  12          void main()
  13          {
  14   1          Timer0Init();
  15   1          Compare=50;
  16   1          while(1)
  17   1          {
  18   2              Key_Loop();
  19   2              KeyNum=Key();
  20   2              if(KeyNum==1)
  21   2              {
  22   3                  Speed++;
  23   3                  Speed%=4;
  24   3                  if(Speed==0){Compare=0;}
  25   3                  if(Speed==1){Compare=50;}
  26   3                  if(Speed==2){Compare=75;}
  27   3                  if(Speed==3){Compare=100;}
  28   3              }
  29   2              Nixie(1,Speed);
  30   2          }
  31   1      }
  32          
  33          void Timer0_Routine(void) interrupt 1
  34          {
  35   1        TH0=0xFF;
  36   1        TL0=0x9C;
  37   1          Counter++;
  38   1          Counter%=100;
  39   1          if(Counter<Compare)
  40   1          {
  41   2              Motor=1;
  42   2          }
  43   1          else
  44   1          {
  45   2              Motor=0;
  46   2          }
  47   1      }


MODULE INFORMATION:   STATIC OVERLAYABLE
   CODE SIZE        =    110    ----
   CONSTANT SIZE    =   ----    ----
   XDATA SIZE       =   ----    ----
   PDATA SIZE       =   ----    ----
C51 COMPILER V9.60.7.0   MAIN                                                              04/16/2023 14:42:07 PAGE 2   

   DATA SIZE        =      4    ----
   IDATA SIZE       =   ----    ----
   BIT SIZE         =   ----    ----
END OF MODULE INFORMATION.


C51 COMPILATION COMPLETE.  0 WARNING(S),  0 ERROR(S)
