C51 COMPILER V9.54   NIXIE                                                                 04/21/2023 21:03:30 PAGE 1   


C51 COMPILER V9.54, COMPILATION OF MODULE NIXIE
OBJECT MODULE PLACED IN .\Objects\Nixie.obj
COMPILER INVOKED BY: D:\Keil5MDK\C51\BIN\C51.EXE Nixie.c OPTIMIZE(8,SPEED) BROWSE DEBUG OBJECTEXTEND PRINT(.\Listings\Ni
                    -xie.lst) OBJECT(.\Objects\Nixie.obj)

line level    source

   1          #include <REGX52.H>
   2          
   3          unsigned char NixieTable[]={0x3F,0x06,0x5B,0x4F,0x66,0x6D,0x7D,0x07,0x7F,0x6F};
   4          
   5          void Nixie(unsigned char location,number)
   6          {
   7   1          switch (location)
   8   1          {
   9   2          case 1:
  10   2              P2_4=1;
  11   2              P2_3=1;
  12   2              P2_2=1;
  13   2              break;
  14   2          case 2:
  15   2               P2_4=1;
  16   2              P2_3=1;
  17   2              P2_2=0;
  18   2              break;
  19   2          case 3:
  20   2              P2_4=1;
  21   2              P2_3=0;
  22   2              P2_2=1;
  23   2              break;
  24   2          case 4:
  25   2              P2_4=1;
  26   2              P2_3=0;
  27   2              P2_2=0;
  28   2              break;
  29   2          case 5:
  30   2              P2_4=0;
  31   2              P2_3=1;
  32   2              P2_2=1;
  33   2              break;
  34   2          case 6:
  35   2              P2_4=0;
  36   2              P2_3=1;
  37   2              P2_2=0;
  38   2              break;
  39   2          case 7:
  40   2              P2_4=0;
  41   2              P2_3=0;
  42   2              P2_2=1;
  43   2              break;
  44   2          case 8:
  45   2              P2_4=0;
  46   2              P2_3=0;
  47   2              P2_2=0;
  48   2              break;
  49   2          default:
  50   2              break;
  51   2          }
  52   1          P0=NixieTable[number];
  53   1      }

C51 COMPILER V9.54   NIXIE                                                                 04/21/2023 21:03:30 PAGE 2   


MODULE INFORMATION:   STATIC OVERLAYABLE
   CODE SIZE        =     99    ----
   CONSTANT SIZE    =   ----    ----
   XDATA SIZE       =   ----    ----
   PDATA SIZE       =   ----    ----
   DATA SIZE        =     10    ----
   IDATA SIZE       =   ----    ----
   BIT SIZE         =   ----    ----
END OF MODULE INFORMATION.


C51 COMPILATION COMPLETE.  0 WARNING(S),  0 ERROR(S)
