C51 COMPILER V9.54   TIMER1                                                                04/20/2023 16:40:47 PAGE 1   


C51 COMPILER V9.54, COMPILATION OF MODULE TIMER1
OBJECT MODULE PLACED IN .\Objects\Timer1.obj
COMPILER INVOKED BY: D:\Keil5MDK\C51\BIN\C51.EXE Timer1.c OPTIMIZE(8,SPEED) BROWSE DEBUG OBJECTEXTEND PRINT(.\Listings\T
                    -imer1.lst) OBJECT(.\Objects\Timer1.obj)

line level    source

   1          #include <REGX52.H>
   2          
   3          /**
   4           *@brief 定时器0初始化，1ms@12.000MHz
   5           *@param 无
   6           *@retval 无
   7           */
   8          //STC-ISP生成的定时器
   9          void Timer1Init(void)           //100us@12.000MHz
  10          {
  11   1              TMOD &= 0xF0;           //设置定时器模式
  12   1              TL1 = 0x9C;             //设置定时初值
  13   1              TH1 = 0xFF;             //设置定时初值
  14   1              TF1 = 0;                //清除TF1标志
  15   1              TR1 = 1;                //定时器1开始计时
  16   1              ET1=1;
  17   1              EA=1;
  18   1              PT1=0;
  19   1      }
  20          
  21          //手打的定时器初始化
  22          void Timer1_Init()
  23          {
  24   1              //TMOD不可位寻址
  25   1      //      TMOD=0x01;//0000 0001 TMOD后两位置于01将会是16位模式
  26   1              TMOD=TMOD&0x0F;//把TMOD的低4位清零，高四位保持不变
  27   1              TMOD=TMOD|0x01;//把TMOD的最低为置1，高四位保持不变
  28   1      
  29   1              //TCON可位寻址
  30   1              TF0=0;//溢出标志位置0，默认值应为0
  31   1              TR0=1;//定时器 T1的运行控制位。该位由软件置位和清零。
  32   1      
  33   1              TH0=64535/256;//高8位
  34   1              TL0=64535%256+1;//低8位，注意+1：定时器计数器是达到65536时才溢出
  35   1      
  36   1              ET0=1;
  37   1              EA=1;//EA为总控
  38   1      
  39   1              PT0=0;//PT0为0时为低优先级，为1时为高优先级
  40   1      }
  41          
  42          /*
  43          //定时器中断程序模板
  44          void Timer1_Routine(void) interrupt 3
  45          {
  46                  static unsigned int T1Count;
  47                  //使下一次定时器仍为1ms
  48                  TH1=0x9C;
  49                  TL1=0xFF;
  50          
  51                  //达到1s后执行程序
  52                  T1Count++;
  53                  if(T1Count>=1000)
  54                  {
C51 COMPILER V9.54   TIMER1                                                                04/20/2023 16:40:47 PAGE 2   

  55                          T1Count=0;
  56                          
  57                  }
  58          }
  59          */


MODULE INFORMATION:   STATIC OVERLAYABLE
   CODE SIZE        =     43    ----
   CONSTANT SIZE    =   ----    ----
   XDATA SIZE       =   ----    ----
   PDATA SIZE       =   ----    ----
   DATA SIZE        =   ----    ----
   IDATA SIZE       =   ----    ----
   BIT SIZE         =   ----    ----
END OF MODULE INFORMATION.


C51 COMPILATION COMPLETE.  0 WARNING(S),  0 ERROR(S)
