C51 COMPILER V9.60.7.0   MAIN                                                              04/15/2023 00:38:07 PAGE 1   


C51 COMPILER V9.60.7.0, COMPILATION OF MODULE MAIN
OBJECT MODULE PLACED IN .\Objects\main.obj
COMPILER INVOKED BY: D:\BaiduNetdiskDownload\Keil5\C51\BIN\C51.EXE main.c OPTIMIZE(8,SPEED) BROWSE DEBUG OBJECTEXTEND PR
                    -INT(.\Listings\main.lst) TABS(2) OBJECT(.\Objects\main.obj)

line level    source

   1          #include <REGX52.H>
   2          #include "LCD1602.h"
   3          
   4          void Delay(unsigned int Time)   //@12.000MHz
   5          {
   6   1        while(--Time)
   7   1        {
   8   2          unsigned char i, j;
   9   2      
  10   2          i = 2;
  11   2          j = 239;
  12   2          do
  13   2          {
  14   3            while (--j);
  15   3          } while (--i);
  16   2        }
  17   1      }
  18          
  19          
  20          int main()
  21          {
  22   1        unsigned char i=0;
  23   1        LCD_Init();
  24   1        LCD_ShowString(1,1,"My edu email:");
  25   1        LCD_ShowString(2,1,"2104060804@stu.hrbust.edu.cn");
  26   1        while(1)
  27   1        {
  28   2          LCD_ShowString(1,1,"                                       ");
  29   2          LCD_WriteCommand(0x18);
  30   2          Delay(650);
  31   2          i++;
  32   2          LCD_ShowString(1,i%40+1,"My edu email:");
  33   2        }
  34   1      }


MODULE INFORMATION:   STATIC OVERLAYABLE
   CODE SIZE        =    106    ----
   CONSTANT SIZE    =     83    ----
   XDATA SIZE       =   ----    ----
   PDATA SIZE       =   ----    ----
   DATA SIZE        =   ----       3
   IDATA SIZE       =   ----    ----
   BIT SIZE         =   ----    ----
END OF MODULE INFORMATION.


C51 COMPILATION COMPLETE.  0 WARNING(S),  0 ERROR(S)
