C51 COMPILER V9.60.7.0   MAIN                                                              02/26/2023 18:59:25 PAGE 1   


C51 COMPILER V9.60.7.0, COMPILATION OF MODULE MAIN
OBJECT MODULE PLACED IN .\Objects\main.obj
COMPILER INVOKED BY: D:\BaiduNetdiskDownload\Keil5\C51\BIN\C51.EXE main.c OPTIMIZE(8,SPEED) BROWSE DEBUG OBJECTEXTEND PR
                    -INT(.\Listings\main.lst) TABS(2) OBJECT(.\Objects\main.obj)

line level    source

   1          #include <REGX52.H>
   2          #include "Timer0.h"
   3          #include "Key.h"
   4          #include <INTRINS.H>
   5          
   6          unsigned char KeyNum,LEDMode;
   7          
   8          void main()
   9          {
  10   1        P2=0xFE;
  11   1        Timer0_Init();
*** WARNING C206 IN LINE 11 OF main.c: 'Timer0_Init': missing function-prototype
  12   1        while(1)
  13   1        {
  14   2           KeyNum=Key();
  15   2           if(KeyNum)
  16   2           {
  17   3            if(KeyNum==1)
  18   3            {
  19   4              LEDMode++;
  20   4              if(LEDMode>=2) LEDMode=0;
  21   4            }
  22   3           }
  23   2        }
  24   1      }
  25          
  26          void Timer0_Routine(void) interrupt 1
  27          {
  28   1        static unsigned int T0Count;
  29   1        //使下一次定时器仍为1ms
  30   1        TH0=64535/256;
  31   1        TL0=64535%256;
  32   1      
  33   1        T0Count++;
  34   1        if(T0Count>=500)
  35   1        {
  36   2          T0Count=0;
  37   2          if(LEDMode==0)
  38   2            P2=_crol_(P2,1);
  39   2          if(LEDMode==1)
  40   2            P2=_cror_(P2,1);
  41   2        }
  42   1      }


MODULE INFORMATION:   STATIC OVERLAYABLE
   CODE SIZE        =    116    ----
   CONSTANT SIZE    =   ----    ----
   XDATA SIZE       =   ----    ----
   PDATA SIZE       =   ----    ----
   DATA SIZE        =      4    ----
   IDATA SIZE       =   ----    ----
   BIT SIZE         =   ----    ----
END OF MODULE INFORMATION.

C51 COMPILER V9.60.7.0   MAIN                                                              02/26/2023 18:59:25 PAGE 2   


C51 COMPILATION COMPLETE.  1 WARNING(S),  0 ERROR(S)
