C51 COMPILER V9.60.7.0   MAIN                                                              03/04/2023 20:52:14 PAGE 1   


C51 COMPILER V9.60.7.0, COMPILATION OF MODULE MAIN
OBJECT MODULE PLACED IN .\Objects\main.obj
COMPILER INVOKED BY: D:\BaiduNetdiskDownload\Keil5\C51\BIN\C51.EXE main.c OPTIMIZE(8,SPEED) BROWSE DEBUG OBJECTEXTEND PR
                    -INT(.\Listings\main.lst) TABS(2) OBJECT(.\Objects\main.obj)

line level    source

   1          #include <REGX52.H>
   2          #include "Delay.h"
   3          #include "Matrix.h"
   4          
   5          //?Â¶ÇÊûúÂú®ÂÆö‰πâÂâçÂÜôcodeÂÖ≥ÈîÆÂ≠óÔºåÈÇ£‰πàÊï∞ÊçÆÂ∞Ü‰ºöË¢´‰øùÂ≠òÂú®flash‰∏≠ÔºàÂÆπÈáèËæÉÂ§ßÔºå‰ΩÜÊó†Ê≥ïÊ
             -õ¥ÊîπÔºâÔºåÂê¶ÂàôÂ∞Ü‰ºöË¢´‰øùÂ≠òÂú®RAM‰∏≠
   6          unsigned char code Animation[]={
   7             0x18,0x18,0x3D,0x5A,0x98,0x28,0x28,0x28,
   8          0x5A,0x5A,0x3C,0x18,0x18,0x28,0x18,0x08,
   9          0x30,0x18,0x3C,0x1C,0x18,0x18,0x18,0x08,
  10          0x30,0x98,0x7C,0x18,0x18,0x28,0x18,0x08,
  11          0x10,0x18,0x3C,0x3C,0x18,0x28,0x28,0x08,
  12          0x30,0x18,0x3C,0x3C,0x18,0x24,0x24,0x44,
  13          0x30,0x18,0x3C,0x38,0x18,0x28,0x24,0x44,
  14            
  15          0x18,0x0C,0x1E,0x1C,0x0C,0x14,0x24,0x44,
  16          0x00,0x30,0x18,0x3C,0x1C,0x38,0x28,0x44,
  17          0x00,0xC0,0x60,0xF0,0xF0,0x30,0x48,0x44,
  18            0x00,0x30,0x18,0x3C,0x1C,0x38,0x28,0x44,
  19          0x18,0x0C,0x1E,0x1C,0x0C,0x14,0x24,0x44,
  20          0x00,0x30,0x18,0x3C,0x1C,0x38,0x28,0x44,
  21          0x00,0xC0,0x60,0xF0,0xF0,0x30,0x48,0x44,
  22            0x00,0x30,0x18,0x3C,0x1C,0x38,0x28,0x44,
  23          0x18,0x0C,0x1E,0x1C,0x0C,0x14,0x24,0x44,
  24          0x00,0x30,0x18,0x3C,0x1C,0x38,0x28,0x44,
  25          0x00,0xC0,0x60,0xF0,0xF0,0x30,0x48,0x44,
  26            
  27          0x00,0x30,0x18,0x3C,0x1C,0x38,0x28,0x44,
  28          0x18,0x0C,0x1E,0x1C,0x0C,0x14,0x24,0x44,
  29              0x00,0x00,0x00,0x00,0x00,0x00,0x00,0x00
  30          };
  31          
  32          void main()
  33          {
  34   1          unsigned char i,Offset=0,Count=0;
  35   1        MatrixLED_Init();
  36   1        while(1)
  37   1        {
  38   2              for(i=0;i<8;i++)
  39   2              {
  40   3                   MatrixLED_ShowColumn(i,Animation[i+Offset]);
  41   3              }
  42   2              Count++;
  43   2              if(Count>40)
  44   2              {
  45   3                  Count=0;
  46   3                  Offset+=8;
  47   3                  if(Offset>160)
  48   3                  {
  49   4                      Offset=0;
  50   4                  }
  51   3              }
  52   2        }
  53   1      }
C51 COMPILER V9.60.7.0   MAIN                                                              03/04/2023 20:52:14 PAGE 2   



MODULE INFORMATION:   STATIC OVERLAYABLE
   CODE SIZE        =     64    ----
   CONSTANT SIZE    =    168    ----
   XDATA SIZE       =   ----    ----
   PDATA SIZE       =   ----    ----
   DATA SIZE        =   ----       3
   IDATA SIZE       =   ----    ----
   BIT SIZE         =   ----    ----
END OF MODULE INFORMATION.


C51 COMPILATION COMPLETE.  0 WARNING(S),  0 ERROR(S)
