C51 COMPILER V9.60.7.0   MATRIX                                                            03/01/2023 22:11:07 PAGE 1   


C51 COMPILER V9.60.7.0, COMPILATION OF MODULE MATRIX
OBJECT MODULE PLACED IN .\Objects\Matrix.obj
COMPILER INVOKED BY: D:\BaiduNetdiskDownload\Keil5\C51\BIN\C51.EXE Matrix.c OPTIMIZE(8,SPEED) BROWSE DEBUG OBJECTEXTEND 
                    -PRINT(.\Listings\Matrix.lst) TABS(2) OBJECT(.\Objects\Matrix.obj)

line level    source

   1          #include <REGX52.H>
   2          #include "Delay.h"
   3          
   4          sbit RCK=P3^5;  //RCLK
   5          sbit SCK=P3^6;  //SRCLK
   6          sbit SER=P3^4;  //SER
   7          
   8          #define MATRIX_LED_PORT P0
   9          
  10          /**
  11           * @brief 点阵屏LED初始化
  12           * @param 无
  13           * @retval 无
  14          */
  15          void MatrixLED_Init()
  16          {
  17   1        SCK=0;
  18   1        RCK=0;
  19   1      }
  20          
  21          /**
  22           *@brief 74HC595写入一个字节
  23           *@param 写入的字节
  24           *@retval 无
  25           */
  26          void _74HC595_WriteByte(unsigned char Byte)
  27          {
  28   1        unsigned char i;
  29   1        for(i=0;i<8;i++)
  30   1        {
  31   2          SER=Byte&(0x80>>i);//取Byte的八位（SER为串行输入）
  32   2          SCK=1;
  33   2          SCK=0;
  34   2        }
  35   1        RCK=1;
  36   1        RCK=0;
  37   1      }
  38          
  39          /**
  40          *@brief LED点阵屏显示一列数据
  41           *@param Column 要选择的列，范围：0~7，0在最左面
  42           *@param Data 选择列现显示的数据，高位在上，1为亮，0为灭
  43           *@retval 无
  44           */
  45          void MatrixLED_ShowColumn(unsigned char column,Data)
  46          {
  47   1        _74HC595_WriteByte(Data);
  48   1        MATRIX_LED_PORT=~(0x80>>column);
  49   1        Delay(1);
  50   1        MATRIX_LED_PORT=0xFF;
  51   1      }


MODULE INFORMATION:   STATIC OVERLAYABLE
C51 COMPILER V9.60.7.0   MATRIX                                                            03/01/2023 22:11:07 PAGE 2   

   CODE SIZE        =     84    ----
   CONSTANT SIZE    =   ----    ----
   XDATA SIZE       =   ----    ----
   PDATA SIZE       =   ----    ----
   DATA SIZE        =   ----    ----
   IDATA SIZE       =   ----    ----
   BIT SIZE         =   ----    ----
END OF MODULE INFORMATION.


C51 COMPILATION COMPLETE.  0 WARNING(S),  0 ERROR(S)
