C51 COMPILER V9.60.7.0   MAIN                                                              03/07/2023 12:24:38 PAGE 1   


C51 COMPILER V9.60.7.0, COMPILATION OF MODULE MAIN
OBJECT MODULE PLACED IN .\Objects\main.obj
COMPILER INVOKED BY: D:\BaiduNetdiskDownload\Keil5\C51\BIN\C51.EXE main.c OPTIMIZE(8,SPEED) BROWSE DEBUG OBJECTEXTEND PR
                    -INT(.\Listings\main.lst) TABS(2) OBJECT(.\Objects\main.obj)

line level    source

   1          #include <REGX52.H>
   2          #include "LCD1602.h"
   3          #include "DS1302.h"
   4          #include "Key.h"
   5          #include "Timer0.h"
   6          
   7          unsigned char KeyNum,MODE,TimeSetSelect,TimeSetFlashFlag;
   8          
   9          void TimeShow(void)
  10          {
  11   1        DS1302_ReadTime();//读取时间
  12   1        LCD_ShowNum(1,1,DS1302_Time[0],2);//显示年
  13   1        LCD_ShowNum(1,4,DS1302_Time[1],2);//显示月
  14   1        LCD_ShowNum(1,7,DS1302_Time[2],2);//显示日
  15   1        LCD_ShowNum(2,1,DS1302_Time[3],2);//显示时
  16   1        LCD_ShowNum(2,4,DS1302_Time[4],2);//显示分
  17   1        LCD_ShowNum(2,7,DS1302_Time[5],2);//显示秒
  18   1      }
  19          
  20          void TimeSet(void)
  21          {
  22   1        if(KeyNum==2)
  23   1        {
  24   2          TimeSetSelect++;
  25   2          TimeSetSelect%=6;//越界清0
  26   2        }
  27   1        if(KeyNum==3)
  28   1        {
  29   2          DS1302_Time[TimeSetSelect]++;
  30   2          if(DS1302_Time[0]>99){DS1302_Time[0]=0;}//年越界判断
  31   2          if(DS1302_Time[1]>12){DS1302_Time[1]=1;}//月越界判断
  32   2          //日越界判断
  33   2          if(DS1302_Time[1]==1 || DS1302_Time[1]==3 || DS1302_Time[1]==5|| DS1302_Time[1]==7 || DS1302_Time[1]==8 
             -|| DS1302_Time[1]==10|| DS1302_Time[1]==12)
  34   2          {
  35   3            if(DS1302_Time[2]<1){DS1302_Time[2]=31;}
  36   3            if(DS1302_Time[2]>31){DS1302_Time[2]=1;}
  37   3          }
  38   2          else if(DS1302_Time[1]==4 || DS1302_Time[1]==6|| DS1302_Time[1]==9 || DS1302_Time[1]==11)
  39   2          {
  40   3            if(DS1302_Time[2]<1){DS1302_Time[2]=30;}
  41   3            if(DS1302_Time[2]>30){DS1302_Time[2]=1;}
  42   3          }
  43   2          else if(DS1302_Time[1]==2)
  44   2          {
  45   3            if(DS1302_Time[0]%4==0)
  46   3            {
  47   4              if(DS1302_Time[2]<1){DS1302_Time[2]=29;}
  48   4              if(DS1302_Time[2]>29){DS1302_Time[2]=1;}
  49   4            }
  50   3            else
  51   3            {
  52   4              if(DS1302_Time[2]<1){DS1302_Time[2]=28;}
  53   4              if(DS1302_Time[2]>28){DS1302_Time[2]=1;}
C51 COMPILER V9.60.7.0   MAIN                                                              03/07/2023 12:24:38 PAGE 2   

  54   4            }
  55   3          }
  56   2          if(DS1302_Time[3]>23){DS1302_Time[3]=0;}//小时越界判断
  57   2          if(DS1302_Time[4]>59){DS1302_Time[4]=0;}//分钟越界判断
  58   2          if(DS1302_Time[5]>59){DS1302_Time[5]=0;}//秒越界判断
  59   2        }
  60   1        if(KeyNum==4)
  61   1        {
  62   2          DS1302_Time[TimeSetSelect]--;
  63   2          if(DS1302_Time[0]<0){DS1302_Time[0]=99;}//年越界判断
  64   2          if(DS1302_Time[1]<1){DS1302_Time[1]=12;}//月越界判断
  65   2          //日越界判断
  66   2          if(DS1302_Time[1]==1 || DS1302_Time[1]==3 || DS1302_Time[1]==5|| DS1302_Time[1]==7 || DS1302_Time[1]==8 
             -|| DS1302_Time[1]==10|| DS1302_Time[1]==12)
  67   2          {
  68   3            if(DS1302_Time[2]<1){DS1302_Time[2]=31;}
  69   3            if(DS1302_Time[2]>31){DS1302_Time[2]=1;}
  70   3          }
  71   2          else if(DS1302_Time[1]==4 || DS1302_Time[1]==6|| DS1302_Time[1]==9 || DS1302_Time[1]==11)
  72   2          {
  73   3            if(DS1302_Time[2]<1){DS1302_Time[2]=30;}
  74   3            if(DS1302_Time[2]>30){DS1302_Time[2]=1;}
  75   3          }
  76   2          else if(DS1302_Time[1]==2)
  77   2          {
  78   3            if(DS1302_Time[0]%4==0)
  79   3            {
  80   4              if(DS1302_Time[2]<1){DS1302_Time[2]=29;}
  81   4              if(DS1302_Time[2]>29){DS1302_Time[2]=1;}
  82   4            }
  83   3            else
  84   3            {
  85   4              if(DS1302_Time[2]<1){DS1302_Time[2]=28;}
  86   4              if(DS1302_Time[2]>28){DS1302_Time[2]=1;}
  87   4            }
  88   3          }
  89   2          if(DS1302_Time[3]<0){DS1302_Time[3]=23;}//小时越界判断
  90   2          if(DS1302_Time[4]<0){DS1302_Time[4]=59;}//分钟越界判断
  91   2          if(DS1302_Time[5]<0){DS1302_Time[5]=59;}//秒越界判断
  92   2        }
  93   1        if(TimeSetSelect==0 && TimeSetFlashFlag==1){LCD_ShowString(1,1,"  ");}
  94   1        else{LCD_ShowNum(1,1,DS1302_Time[0],2);}
  95   1        if(TimeSetSelect==1 && TimeSetFlashFlag==1){LCD_ShowString(1,4,"  ");}
  96   1        else{LCD_ShowNum(1,4,DS1302_Time[1],2);}
  97   1        if(TimeSetSelect==2 && TimeSetFlashFlag==1){LCD_ShowString(1,7,"  ");}
  98   1        else{LCD_ShowNum(1,7,DS1302_Time[2],2);}
  99   1        if(TimeSetSelect==3 && TimeSetFlashFlag==1){LCD_ShowString(2,1,"  ");}
 100   1        else{LCD_ShowNum(2,1,DS1302_Time[3],2);}
 101   1        if(TimeSetSelect==4 && TimeSetFlashFlag==1){LCD_ShowString(2,4,"  ");}
 102   1        else{LCD_ShowNum(2,4,DS1302_Time[4],2);}
 103   1        if(TimeSetSelect==5 && TimeSetFlashFlag==1){LCD_ShowString(2,7,"  ");}
 104   1        else{LCD_ShowNum(2,7,DS1302_Time[5],2);}
 105   1        LCD_ShowNum(2,10,TimeSetSelect,2);
 106   1        LCD_ShowNum(2,13,TimeSetFlashFlag,2);
 107   1      }
 108          
 109          void main()
 110          {
 111   1        Timer0Init();
 112   1        LCD_Init();
 113   1        DS1302_Init();
 114   1        LCD_ShowString(1,1,"  -  -  ");//静态字符初始化显示
C51 COMPILER V9.60.7.0   MAIN                                                              03/07/2023 12:24:38 PAGE 3   

 115   1        LCD_ShowString(2,1,"  :  :  ");
 116   1        
 117   1        DS1302_SetTime();//设置时间
 118   1        
 119   1        while(1)
 120   1        {
 121   2          KeyNum=Key();
 122   2          if(KeyNum==1)
 123   2          {
 124   3            if(MODE==0)
 125   3            {
 126   4              MODE=1;
 127   4            }
 128   3            else if(MODE==1)
 129   3            {
 130   4              MODE=0;
 131   4              DS1302_SetTime();
 132   4            }
 133   3          }
 134   2          switch (MODE)
 135   2          {
 136   3          case 0:
 137   3            TimeShow();
 138   3            break;
 139   3          case 1:
 140   3            TimeSet();
 141   3            break;
 142   3          }
 143   2        }
 144   1      }
 145          
 146          void Timer0_Routine(void) interrupt 1
 147          {
 148   1        static unsigned int T0Count;
 149   1        //使下一次定时器仍为1ms
 150   1        TH0=0xFC;
 151   1        TL0=0x18;
 152   1      
 153   1        //达到1s后执行程序
 154   1        T0Count++;
 155   1        if(T0Count>=500)
 156   1        {
 157   2          T0Count=0;
 158   2          TimeSetFlashFlag=!TimeSetFlashFlag;
 159   2      
 160   2        }
 161   1      }


MODULE INFORMATION:   STATIC OVERLAYABLE
   CODE SIZE        =   1047    ----
   CONSTANT SIZE    =     21    ----
   XDATA SIZE       =   ----    ----
   PDATA SIZE       =   ----    ----
   DATA SIZE        =      6    ----
   IDATA SIZE       =   ----    ----
   BIT SIZE         =   ----    ----
END OF MODULE INFORMATION.


C51 COMPILATION COMPLETE.  0 WARNING(S),  0 ERROR(S)
