Rebuild target 'Target 1'
compiling main.c...
linking...
*** WARNING L1: UNRESOLVED EXTERNAL SYMBOL
    SYMBOL:  LCD_INIT
    MODULE:  .\Objects\main.obj (MAIN)

*** WARNING L1: UNRESOLVED EXTERNAL SYMBOL
    SYMBOL:  _LCD_SHOWSTRING
    MODULE:  .\Objects\main.obj (MAIN)

*** WARNING L2: REFERENCE MADE TO UNRESOLVED EXTERNAL
    SYMBOL:  LCD_INIT
    MODULE:  .\Objects\main.obj (MAIN)
    ADDRESS: 0004H

*** WARNING L2: REFERENCE MADE TO UNRESOLVED EXTERNAL
    SYMBOL:  _LCD_SHOWSTRING
    MODULE:  .\Objects\main.obj (MAIN)
    ADDRESS: 0011H

Program Size: data=9.0 xdata=0 code=35
creating hex file from ".\Objects\Project"...
".\Objects\Project" - 0 Error(s), 4 Warning(s).
Build Time Elapsed:  00:00:00
